<?xml version="1.0" encoding="UTF-8"?>
<coverage generated="1736133140202" clover="3.2.0">
  <project timestamp="1736133140202" name="All files">
    <metrics statements="4" coveredstatements="3" conditionals="0" coveredconditionals="0" methods="2" coveredmethods="1" elements="6" coveredelements="4" complexity="0" loc="4" ncloc="4" packages="1" files="1" classes="1"/>
    <file name="index.tsx" path="/Users/sebastianquintanam/fullstack-payment-app/frontend/src/components/product/ProductCard/index.tsx">
      <metrics statements="4" coveredstatements="3" conditionals="0" coveredconditionals="0" methods="2" coveredmethods="1"/>
      <line num="14" count="1" type="stmt"/>
      <line num="22" count="1" type="stmt"/>
      <line num="31" count="0" type="stmt"/>
      <line num="40" count="1" type="stmt"/>
    </file>
  </project>
</coverage>
