{"/Users/sebastianquintanam/fullstack-payment-app/frontend/src/App.tsx": {"path":"/Users/sebastianquintanam/fullstack-payment-app/frontend/src/App.tsx","statementMap":{"0":{"start":{"line":2,"column":0},"end":{"line":2,"column":48}},"1":{"start":{"line":3,"column":0},"end":{"line":3,"column":45}},"2":{"start":{"line":4,"column":0},"end":{"line":4,"column":45}},"3":{"start":{"line":5,"column":0},"end":{"line":5,"column":47}},"4":{"start":{"line":6,"column":0},"end":{"line":6,"column":49}},"5":{"start":{"line":7,"column":0},"end":{"line":7,"column":45}},"6":{"start":{"line":10,"column":2},"end":{"line":19,"column":null}},"7":{"start":{"line":22,"column":0},"end":{"line":22,"column":null}}},"fnMap":{"0":{"name":"App","decl":{"start":{"line":9,"column":9},"end":{"line":9,"column":12}},"loc":{"start":{"line":9,"column":12},"end":{"line":20,"column":1}}}},"branchMap":{},"s":{"0":0,"1":0,"2":0,"3":0,"4":0,"5":0,"6":0,"7":0},"f":{"0":0},"b":{}}
,"/Users/sebastianquintanam/fullstack-payment-app/frontend/src/components/payment/PaymentForm.tsx": {"path":"/Users/sebastianquintanam/fullstack-payment-app/frontend/src/components/payment/PaymentForm.tsx","statementMap":{"0":{"start":{"line":1,"column":0},"end":{"line":1,"column":40}},"1":{"start":{"line":2,"column":0},"end":{"line":2,"column":55}},"2":{"start":{"line":3,"column":0},"end":{"line":3,"column":47}},"3":{"start":{"line":4,"column":0},"end":{"line":4,"column":55}},"4":{"start":{"line":5,"column":0},"end":{"line":5,"column":50}},"5":{"start":{"line":6,"column":0},"end":{"line":6,"column":56}},"6":{"start":{"line":7,"column":0},"end":{"line":7,"column":62}},"7":{"start":{"line":8,"column":0},"end":{"line":8,"column":62}},"8":{"start":{"line":9,"column":0},"end":{"line":9,"column":99}},"9":{"start":{"line":17,"column":55},"end":{"line":313,"column":1}},"10":{"start":{"line":18,"column":19},"end":{"line":18,"column":45}},"11":{"start":{"line":19,"column":19},"end":{"line":19,"column":32}},"12":{"start":{"line":20,"column":26},"end":{"line":20,"column":91}},"13":{"start":{"line":20,"column":60},"end":{"line":20,"column":90}},"14":{"start":{"line":23,"column":34},"end":{"line":29,"column":4}},"15":{"start":{"line":30,"column":34},"end":{"line":30,"column":88}},"16":{"start":{"line":31,"column":30},"end":{"line":31,"column":66}},"17":{"start":{"line":32,"column":42},"end":{"line":32,"column":57}},"18":{"start":{"line":33,"column":40},"end":{"line":33,"column":55}},"19":{"start":{"line":34,"column":28},"end":{"line":34,"column":57}},"20":{"start":{"line":35,"column":46},"end":{"line":35,"column":66}},"21":{"start":{"line":38,"column":33},"end":{"line":57,"column":3}},"22":{"start":{"line":39,"column":18},"end":{"line":39,"column":51}},"23":{"start":{"line":40,"column":22},"end":{"line":40,"column":61}},"24":{"start":{"line":42,"column":4},"end":{"line":45,"column":8}},"25":{"start":{"line":42,"column":27},"end":{"line":45,"column":6}},"26":{"start":{"line":47,"column":25},"end":{"line":47,"column":59}},"27":{"start":{"line":48,"column":4},"end":{"line":48,"column":30}},"28":{"start":{"line":51,"column":4},"end":{"line":56,"column":5}},"29":{"start":{"line":52,"column":6},"end":{"line":55,"column":9}},"30":{"start":{"line":53,"column":28},"end":{"line":53,"column":32}},"31":{"start":{"line":54,"column":8},"end":{"line":54,"column":20}},"32":{"start":{"line":59,"column":28},"end":{"line":91,"column":3}},"33":{"start":{"line":60,"column":28},"end":{"line":60,"column":36}},"34":{"start":{"line":61,"column":25},"end":{"line":61,"column":30}},"35":{"start":{"line":63,"column":4},"end":{"line":76,"column":5}},"36":{"start":{"line":65,"column":8},"end":{"line":65,"column":45}},"37":{"start":{"line":66,"column":8},"end":{"line":66,"column":14}},"38":{"start":{"line":68,"column":8},"end":{"line":68,"column":62}},"39":{"start":{"line":69,"column":8},"end":{"line":69,"column":14}},"40":{"start":{"line":71,"column":8},"end":{"line":71,"column":62}},"41":{"start":{"line":72,"column":8},"end":{"line":72,"column":14}},"42":{"start":{"line":74,"column":8},"end":{"line":74,"column":62}},"43":{"start":{"line":75,"column":8},"end":{"line":75,"column":14}},"44":{"start":{"line":78,"column":4},"end":{"line":81,"column":8}},"45":{"start":{"line":78,"column":25},"end":{"line":81,"column":6}},"46":{"start":{"line":84,"column":4},"end":{"line":90,"column":5}},"47":{"start":{"line":85,"column":6},"end":{"line":89,"column":9}},"48":{"start":{"line":86,"column":26},"end":{"line":86,"column":37}},"49":{"start":{"line":87,"column":8},"end":{"line":87,"column":31}},"50":{"start":{"line":88,"column":8},"end":{"line":88,"column":25}},"51":{"start":{"line":93,"column":23},"end":{"line":104,"column":3}},"52":{"start":{"line":94,"column":23},"end":{"line":100,"column":6}},"53":{"start":{"line":102,"column":4},"end":{"line":102,"column":33}},"54":{"start":{"line":103,"column":4},"end":{"line":103,"column":30}},"55":{"start":{"line":107,"column":27},"end":{"line":116,"column":3}},"56":{"start":{"line":108,"column":4},"end":{"line":108,"column":47}},"57":{"start":{"line":109,"column":4},"end":{"line":115,"column":7}},"58":{"start":{"line":118,"column":24},"end":{"line":177,"column":3}},"59":{"start":{"line":119,"column":4},"end":{"line":122,"column":5}},"60":{"start":{"line":120,"column":6},"end":{"line":120,"column":56}},"61":{"start":{"line":121,"column":6},"end":{"line":121,"column":13}},"62":{"start":{"line":124,"column":4},"end":{"line":124,"column":26}},"63":{"start":{"line":125,"column":4},"end":{"line":125,"column":19}},"64":{"start":{"line":127,"column":4},"end":{"line":176,"column":5}},"65":{"start":{"line":128,"column":24},"end":{"line":128,"column":48}},"66":{"start":{"line":129,"column":6},"end":{"line":129,"column":46}},"67":{"start":{"line":131,"column":47},"end":{"line":139,"column":8}},"68":{"start":{"line":141,"column":23},"end":{"line":141,"column":68}},"69":{"start":{"line":143,"column":6},"end":{"line":162,"column":7}},"70":{"start":{"line":144,"column":8},"end":{"line":147,"column":12}},"71":{"start":{"line":149,"column":8},"end":{"line":155,"column":12}},"72":{"start":{"line":157,"column":8},"end":{"line":157,"column":47}},"73":{"start":{"line":158,"column":8},"end":{"line":158,"column":28}},"74":{"start":{"line":159,"column":8},"end":{"line":159,"column":29}},"75":{"start":{"line":161,"column":8},"end":{"line":161,"column":65}},"76":{"start":{"line":164,"column":27},"end":{"line":164,"column":90}},"77":{"start":{"line":165,"column":6},"end":{"line":169,"column":10}},"78":{"start":{"line":170,"column":6},"end":{"line":170,"column":29}},"79":{"start":{"line":171,"column":6},"end":{"line":171,"column":25}},"80":{"start":{"line":173,"column":6},"end":{"line":173,"column":29}},"81":{"start":{"line":174,"column":6},"end":{"line":174,"column":28}},"82":{"start":{"line":175,"column":6},"end":{"line":175,"column":28}},"83":{"start":{"line":179,"column":23},"end":{"line":184,"column":3}},"84":{"start":{"line":180,"column":4},"end":{"line":180,"column":23}},"85":{"start":{"line":181,"column":4},"end":{"line":183,"column":5}},"86":{"start":{"line":182,"column":6},"end":{"line":182,"column":27}},"87":{"start":{"line":186,"column":2},"end":{"line":312,"column":4}},"88":{"start":{"line":307,"column":26},"end":{"line":307,"column":47}},"89":{"start":{"line":17,"column":13},"end":{"line":17,"column":55}},"90":{"start":{"line":315,"column":0},"end":{"line":315,"column":27}}},"fnMap":{"0":{"name":"(anonymous_1)","decl":{"start":{"line":17,"column":55},"end":{"line":17,"column":56}},"loc":{"start":{"line":17,"column":81},"end":{"line":313,"column":1}}},"1":{"name":"(anonymous_2)","decl":{"start":{"line":20,"column":38},"end":{"line":20,"column":39}},"loc":{"start":{"line":20,"column":60},"end":{"line":20,"column":90}}},"2":{"name":"(anonymous_3)","decl":{"start":{"line":38,"column":33},"end":{"line":38,"column":34}},"loc":{"start":{"line":38,"column":76},"end":{"line":57,"column":3}}},"3":{"name":"(anonymous_4)","decl":{"start":{"line":42,"column":16},"end":{"line":42,"column":17}},"loc":{"start":{"line":42,"column":27},"end":{"line":45,"column":6}}},"4":{"name":"(anonymous_5)","decl":{"start":{"line":52,"column":16},"end":{"line":52,"column":20}},"loc":{"start":{"line":52,"column":23},"end":{"line":55,"column":7}}},"5":{"name":"(anonymous_6)","decl":{"start":{"line":59,"column":28},"end":{"line":59,"column":29}},"loc":{"start":{"line":59,"column":71},"end":{"line":91,"column":3}}},"6":{"name":"(anonymous_7)","decl":{"start":{"line":78,"column":16},"end":{"line":78,"column":20}},"loc":{"start":{"line":78,"column":25},"end":{"line":81,"column":6}}},"7":{"name":"(anonymous_8)","decl":{"start":{"line":85,"column":16},"end":{"line":85,"column":20}},"loc":{"start":{"line":85,"column":23},"end":{"line":89,"column":7}}},"8":{"name":"(anonymous_9)","decl":{"start":{"line":93,"column":23},"end":{"line":93,"column":35}},"loc":{"start":{"line":93,"column":37},"end":{"line":104,"column":3}}},"9":{"name":"(anonymous_10)","decl":{"start":{"line":107,"column":27},"end":{"line":107,"column":32}},"loc":{"start":{"line":107,"column":38},"end":{"line":116,"column":3}}},"10":{"name":"(anonymous_11)","decl":{"start":{"line":118,"column":24},"end":{"line":118,"column":29}},"loc":{"start":{"line":118,"column":35},"end":{"line":177,"column":3}}},"11":{"name":"(anonymous_12)","decl":{"start":{"line":179,"column":23},"end":{"line":179,"column":24}},"loc":{"start":{"line":179,"column":46},"end":{"line":184,"column":3}}},"12":{"name":"(anonymous_13)","decl":{"start":{"line":307,"column":20},"end":{"line":307,"column":23}},"loc":{"start":{"line":307,"column":26},"end":{"line":307,"column":47}}}},"branchMap":{"0":{"loc":{"start":{"line":51,"column":4},"end":{"line":56,"column":5}},"type":"if","locations":[{"start":{"line":51,"column":4},"end":{"line":56,"column":5}}]},"1":{"loc":{"start":{"line":63,"column":4},"end":{"line":76,"column":5}},"type":"switch","locations":[{"start":{"line":64,"column":6},"end":{"line":66,"column":14}},{"start":{"line":67,"column":6},"end":{"line":69,"column":14}},{"start":{"line":70,"column":6},"end":{"line":72,"column":14}},{"start":{"line":73,"column":6},"end":{"line":75,"column":14}}]},"2":{"loc":{"start":{"line":84,"column":4},"end":{"line":90,"column":5}},"type":"if","locations":[{"start":{"line":84,"column":4},"end":{"line":90,"column":5}}]},"3":{"loc":{"start":{"line":119,"column":4},"end":{"line":122,"column":5}},"type":"if","locations":[{"start":{"line":119,"column":4},"end":{"line":122,"column":5}}]},"4":{"loc":{"start":{"line":143,"column":6},"end":{"line":162,"column":7}},"type":"if","locations":[{"start":{"line":143,"column":6},"end":{"line":162,"column":7}},{"start":{"line":160,"column":13},"end":{"line":162,"column":7}}]},"5":{"loc":{"start":{"line":164,"column":27},"end":{"line":164,"column":90}},"type":"cond-expr","locations":[{"start":{"line":164,"column":50},"end":{"line":164,"column":61}},{"start":{"line":164,"column":64},"end":{"line":164,"column":90}}]},"6":{"loc":{"start":{"line":181,"column":4},"end":{"line":183,"column":5}},"type":"if","locations":[{"start":{"line":181,"column":4},"end":{"line":183,"column":5}}]},"7":{"loc":{"start":{"line":190,"column":9},"end":{"line":195,"column":null}},"type":"binary-expr","locations":[{"start":{"line":190,"column":9},"end":{"line":190,"column":31}},{"start":{"line":191,"column":10},"end":{"line":194,"column":null}}]},"8":{"loc":{"start":{"line":210,"column":14},"end":{"line":210,"column":null}},"type":"cond-expr","locations":[{"start":{"line":210,"column":34},"end":{"line":210,"column":50}},{"start":{"line":210,"column":53},"end":{"line":210,"column":null}}]},"9":{"loc":{"start":{"line":215,"column":11},"end":{"line":215,"column":88}},"type":"binary-expr","locations":[{"start":{"line":215,"column":11},"end":{"line":215,"column":28}},{"start":{"line":215,"column":32},"end":{"line":215,"column":88}}]},"10":{"loc":{"start":{"line":227,"column":14},"end":{"line":227,"column":null}},"type":"cond-expr","locations":[{"start":{"line":227,"column":34},"end":{"line":227,"column":50}},{"start":{"line":227,"column":53},"end":{"line":227,"column":null}}]},"11":{"loc":{"start":{"line":232,"column":11},"end":{"line":232,"column":88}},"type":"binary-expr","locations":[{"start":{"line":232,"column":11},"end":{"line":232,"column":28}},{"start":{"line":232,"column":32},"end":{"line":232,"column":88}}]},"12":{"loc":{"start":{"line":247,"column":18},"end":{"line":247,"column":null}},"type":"cond-expr","locations":[{"start":{"line":247,"column":34},"end":{"line":247,"column":50}},{"start":{"line":247,"column":53},"end":{"line":247,"column":null}}]},"13":{"loc":{"start":{"line":259,"column":18},"end":{"line":259,"column":null}},"type":"cond-expr","locations":[{"start":{"line":259,"column":34},"end":{"line":259,"column":50}},{"start":{"line":259,"column":53},"end":{"line":259,"column":null}}]},"14":{"loc":{"start":{"line":265,"column":13},"end":{"line":265,"column":82}},"type":"binary-expr","locations":[{"start":{"line":265,"column":13},"end":{"line":265,"column":26}},{"start":{"line":265,"column":30},"end":{"line":265,"column":82}}]},"15":{"loc":{"start":{"line":277,"column":16},"end":{"line":277,"column":null}},"type":"cond-expr","locations":[{"start":{"line":277,"column":29},"end":{"line":277,"column":45}},{"start":{"line":277,"column":48},"end":{"line":277,"column":null}}]},"16":{"loc":{"start":{"line":282,"column":13},"end":{"line":282,"column":76}},"type":"binary-expr","locations":[{"start":{"line":282,"column":13},"end":{"line":282,"column":23}},{"start":{"line":282,"column":27},"end":{"line":282,"column":76}}]},"17":{"loc":{"start":{"line":286,"column":9},"end":{"line":286,"column":62}},"type":"binary-expr","locations":[{"start":{"line":286,"column":9},"end":{"line":286,"column":14}},{"start":{"line":286,"column":18},"end":{"line":286,"column":62}}]},"18":{"loc":{"start":{"line":288,"column":9},"end":{"line":289,"column":null}},"type":"binary-expr","locations":[{"start":{"line":288,"column":9},"end":{"line":288,"column":23}},{"start":{"line":289,"column":10},"end":{"line":289,"column":83}}]},"19":{"loc":{"start":{"line":297,"column":11},"end":{"line":297,"column":63}},"type":"cond-expr","locations":[{"start":{"line":297,"column":26},"end":{"line":297,"column":41}},{"start":{"line":297,"column":44},"end":{"line":297,"column":63}}]},"20":{"loc":{"start":{"line":301,"column":7},"end":{"line":309,"column":null}},"type":"binary-expr","locations":[{"start":{"line":301,"column":7},"end":{"line":301,"column":18}},{"start":{"line":302,"column":8},"end":{"line":308,"column":null}}]},"21":{"loc":{"start":{"line":303,"column":18},"end":{"line":303,"column":45}},"type":"binary-expr","locations":[{"start":{"line":303,"column":18},"end":{"line":303,"column":40}},{"start":{"line":303,"column":44},"end":{"line":303,"column":45}}]}},"s":{"0":0,"1":0,"2":0,"3":0,"4":0,"5":0,"6":0,"7":0,"8":0,"9":0,"10":0,"11":0,"12":0,"13":0,"14":0,"15":0,"16":0,"17":0,"18":0,"19":0,"20":0,"21":0,"22":0,"23":0,"24":0,"25":0,"26":0,"27":0,"28":0,"29":0,"30":0,"31":0,"32":0,"33":0,"34":0,"35":0,"36":0,"37":0,"38":0,"39":0,"40":0,"41":0,"42":0,"43":0,"44":0,"45":0,"46":0,"47":0,"48":0,"49":0,"50":0,"51":0,"52":0,"53":0,"54":0,"55":0,"56":0,"57":0,"58":0,"59":0,"60":0,"61":0,"62":0,"63":0,"64":0,"65":0,"66":0,"67":0,"68":0,"69":0,"70":0,"71":0,"72":0,"73":0,"74":0,"75":0,"76":0,"77":0,"78":0,"79":0,"80":0,"81":0,"82":0,"83":0,"84":0,"85":0,"86":0,"87":0,"88":0,"89":0,"90":0},"f":{"0":0,"1":0,"2":0,"3":0,"4":0,"5":0,"6":0,"7":0,"8":0,"9":0,"10":0,"11":0,"12":0},"b":{"0":[0],"1":[0,0,0,0],"2":[0],"3":[0],"4":[0,0],"5":[0,0],"6":[0],"7":[0,0],"8":[0,0],"9":[0,0],"10":[0,0],"11":[0,0],"12":[0,0],"13":[0,0],"14":[0,0],"15":[0,0],"16":[0,0],"17":[0,0],"18":[0,0],"19":[0,0],"20":[0,0],"21":[0,0]}}
,"/Users/sebastianquintanam/fullstack-payment-app/frontend/src/components/payment/PaymentSummary.tsx": {"path":"/Users/sebastianquintanam/fullstack-payment-app/frontend/src/components/payment/PaymentSummary.tsx","statementMap":{"0":{"start":{"line":3,"column":0},"end":{"line":3,"column":56}},"1":{"start":{"line":14,"column":61},"end":{"line":74,"column":1}},"2":{"start":{"line":22,"column":16},"end":{"line":22,"column":46}},"3":{"start":{"line":24,"column":2},"end":{"line":73,"column":4}},"4":{"start":{"line":14,"column":13},"end":{"line":14,"column":61}}},"fnMap":{"0":{"name":"(anonymous_0)","decl":{"start":{"line":14,"column":61},"end":{"line":14,"column":62}},"loc":{"start":{"line":21,"column":5},"end":{"line":74,"column":1}}}},"branchMap":{"0":{"loc":{"start":{"line":67,"column":15},"end":{"line":67,"column":64}},"type":"cond-expr","locations":[{"start":{"line":67,"column":30},"end":{"line":67,"column":45}},{"start":{"line":67,"column":48},"end":{"line":67,"column":64}}]}},"s":{"0":0,"1":0,"2":0,"3":0,"4":0},"f":{"0":0},"b":{"0":[0,0]}}
,"/Users/sebastianquintanam/fullstack-payment-app/frontend/src/components/product/ProductCard/index.tsx": {"path":"/Users/sebastianquintanam/fullstack-payment-app/frontend/src/components/product/ProductCard/index.tsx","statementMap":{"0":{"start":{"line":14,"column":55},"end":{"line":38,"column":1}},"1":{"start":{"line":22,"column":2},"end":{"line":37,"column":4}},"2":{"start":{"line":31,"column":23},"end":{"line":31,"column":34}},"3":{"start":{"line":14,"column":13},"end":{"line":14,"column":55}},"4":{"start":{"line":40,"column":0},"end":{"line":40,"column":27}}},"fnMap":{"0":{"name":"(anonymous_0)","decl":{"start":{"line":14,"column":55},"end":{"line":14,"column":56}},"loc":{"start":{"line":21,"column":5},"end":{"line":38,"column":1}}},"1":{"name":"(anonymous_1)","decl":{"start":{"line":31,"column":17},"end":{"line":31,"column":20}},"loc":{"start":{"line":31,"column":23},"end":{"line":31,"column":34}}}},"branchMap":{},"s":{"0":1,"1":2,"2":1,"3":1,"4":1},"f":{"0":2,"1":1},"b":{}}
,"/Users/sebastianquintanam/fullstack-payment-app/frontend/src/components/ui/card.tsx": {"path":"/Users/sebastianquintanam/fullstack-payment-app/frontend/src/components/ui/card.tsx","statementMap":{"0":{"start":{"line":9,"column":41},"end":{"line":15,"column":1}},"1":{"start":{"line":10,"column":2},"end":{"line":14,"column":4}},"2":{"start":{"line":9,"column":13},"end":{"line":9,"column":41}}},"fnMap":{"0":{"name":"(anonymous_0)","decl":{"start":{"line":9,"column":41},"end":{"line":9,"column":42}},"loc":{"start":{"line":9,"column":84},"end":{"line":15,"column":1}}}},"branchMap":{"0":{"loc":{"start":{"line":9,"column":54},"end":{"line":9,"column":68}},"type":"default-arg","locations":[{"start":{"line":9,"column":66},"end":{"line":9,"column":68}}]}},"s":{"0":0,"1":0,"2":0},"f":{"0":0},"b":{"0":[0]}}
,"/Users/sebastianquintanam/fullstack-payment-app/frontend/src/components/ui/dialog.tsx": {"path":"/Users/sebastianquintanam/fullstack-payment-app/frontend/src/components/ui/dialog.tsx","statementMap":{"0":{"start":{"line":11,"column":45},"end":{"line":34,"column":1}},"1":{"start":{"line":13,"column":29},"end":{"line":17,"column":3}},"2":{"start":{"line":14,"column":4},"end":{"line":16,"column":5}},"3":{"start":{"line":15,"column":6},"end":{"line":15,"column":26}},"4":{"start":{"line":19,"column":2},"end":{"line":19,"column":25}},"5":{"start":{"line":19,"column":13},"end":{"line":19,"column":25}},"6":{"start":{"line":21,"column":2},"end":{"line":33,"column":4}},"7":{"start":{"line":28,"column":24},"end":{"line":28,"column":43}},"8":{"start":{"line":11,"column":13},"end":{"line":11,"column":45}},"9":{"start":{"line":36,"column":70},"end":{"line":38,"column":1}},"10":{"start":{"line":37,"column":2},"end":{"line":37,"column":53}},"11":{"start":{"line":36,"column":13},"end":{"line":36,"column":70}},"12":{"start":{"line":40,"column":69},"end":{"line":42,"column":1}},"13":{"start":{"line":41,"column":2},"end":{"line":41,"column":53}},"14":{"start":{"line":40,"column":13},"end":{"line":40,"column":69}},"15":{"start":{"line":44,"column":68},"end":{"line":46,"column":1}},"16":{"start":{"line":45,"column":2},"end":{"line":45,"column":59}},"17":{"start":{"line":44,"column":13},"end":{"line":44,"column":68}}},"fnMap":{"0":{"name":"(anonymous_0)","decl":{"start":{"line":11,"column":45},"end":{"line":11,"column":46}},"loc":{"start":{"line":11,"column":82},"end":{"line":34,"column":1}}},"1":{"name":"(anonymous_1)","decl":{"start":{"line":13,"column":29},"end":{"line":13,"column":32}},"loc":{"start":{"line":13,"column":34},"end":{"line":17,"column":3}}},"2":{"name":"(anonymous_2)","decl":{"start":{"line":28,"column":17},"end":{"line":28,"column":18}},"loc":{"start":{"line":28,"column":24},"end":{"line":28,"column":43}}},"3":{"name":"(anonymous_3)","decl":{"start":{"line":36,"column":70},"end":{"line":36,"column":71}},"loc":{"start":{"line":36,"column":87},"end":{"line":38,"column":1}}},"4":{"name":"(anonymous_4)","decl":{"start":{"line":40,"column":69},"end":{"line":40,"column":70}},"loc":{"start":{"line":40,"column":86},"end":{"line":42,"column":1}}},"5":{"name":"(anonymous_5)","decl":{"start":{"line":44,"column":68},"end":{"line":44,"column":69}},"loc":{"start":{"line":44,"column":85},"end":{"line":46,"column":1}}}},"branchMap":{"0":{"loc":{"start":{"line":14,"column":4},"end":{"line":16,"column":5}},"type":"if","locations":[{"start":{"line":14,"column":4},"end":{"line":16,"column":5}}]},"1":{"loc":{"start":{"line":19,"column":2},"end":{"line":19,"column":25}},"type":"if","locations":[{"start":{"line":19,"column":2},"end":{"line":19,"column":25}}]}},"s":{"0":0,"1":0,"2":0,"3":0,"4":0,"5":0,"6":0,"7":0,"8":0,"9":0,"10":0,"11":0,"12":0,"13":0,"14":0,"15":0,"16":0,"17":0},"f":{"0":0,"1":0,"2":0,"3":0,"4":0,"5":0},"b":{"0":[0],"1":[0]}}
,"/Users/sebastianquintanam/fullstack-payment-app/frontend/src/components/ui/alert/alert.tsx": {"path":"/Users/sebastianquintanam/fullstack-payment-app/frontend/src/components/ui/alert/alert.tsx","statementMap":{"0":{"start":{"line":10,"column":43},"end":{"line":21,"column":1}},"1":{"start":{"line":11,"column":25},"end":{"line":14,"column":4}},"2":{"start":{"line":16,"column":2},"end":{"line":20,"column":4}},"3":{"start":{"line":10,"column":13},"end":{"line":10,"column":43}},"4":{"start":{"line":23,"column":67},"end":{"line":24,"column":null}},"5":{"start":{"line":24,"column":2},"end":{"line":24,"column":50}},"6":{"start":{"line":23,"column":13},"end":{"line":23,"column":67}},"7":{"start":{"line":27,"column":73},"end":{"line":28,"column":null}},"8":{"start":{"line":28,"column":2},"end":{"line":28,"column":43}},"9":{"start":{"line":27,"column":13},"end":{"line":27,"column":73}}},"fnMap":{"0":{"name":"(anonymous_0)","decl":{"start":{"line":10,"column":43},"end":{"line":10,"column":44}},"loc":{"start":{"line":10,"column":97},"end":{"line":21,"column":1}}},"1":{"name":"(anonymous_1)","decl":{"start":{"line":23,"column":67},"end":{"line":23,"column":68}},"loc":{"start":{"line":24,"column":2},"end":{"line":24,"column":50}}},"2":{"name":"(anonymous_2)","decl":{"start":{"line":27,"column":73},"end":{"line":27,"column":74}},"loc":{"start":{"line":28,"column":2},"end":{"line":28,"column":43}}}},"branchMap":{"0":{"loc":{"start":{"line":10,"column":56},"end":{"line":10,"column":75}},"type":"default-arg","locations":[{"start":{"line":10,"column":66},"end":{"line":10,"column":75}}]},"1":{"loc":{"start":{"line":10,"column":77},"end":{"line":10,"column":91}},"type":"default-arg","locations":[{"start":{"line":10,"column":89},"end":{"line":10,"column":91}}]}},"s":{"0":1,"1":2,"2":2,"3":1,"4":1,"5":2,"6":1,"7":1,"8":2,"9":1},"f":{"0":2,"1":2,"2":2},"b":{"0":[1],"1":[2]}}
,"/Users/sebastianquintanam/fullstack-payment-app/frontend/src/pages/ErrorPage/index.tsx": {"path":"/Users/sebastianquintanam/fullstack-payment-app/frontend/src/pages/ErrorPage/index.tsx","statementMap":{"0":{"start":{"line":2,"column":0},"end":{"line":2,"column":42}},"1":{"start":{"line":3,"column":0},"end":{"line":3,"column":40}},"2":{"start":{"line":5,"column":0},"end":{"line":5,"column":39}},"3":{"start":{"line":6,"column":0},"end":{"line":6,"column":48}},"4":{"start":{"line":7,"column":0},"end":{"line":7,"column":86}},"5":{"start":{"line":9,"column":35},"end":{"line":48,"column":1}},"6":{"start":{"line":10,"column":16},"end":{"line":10,"column":99}},"7":{"start":{"line":10,"column":50},"end":{"line":10,"column":98}},"8":{"start":{"line":12,"column":2},"end":{"line":47,"column":4}},"9":{"start":{"line":9,"column":13},"end":{"line":9,"column":35}},"10":{"start":{"line":50,"column":0},"end":{"line":50,"column":25}}},"fnMap":{"0":{"name":"(anonymous_0)","decl":{"start":{"line":9,"column":35},"end":{"line":9,"column":38}},"loc":{"start":{"line":9,"column":40},"end":{"line":48,"column":1}}},"1":{"name":"(anonymous_1)","decl":{"start":{"line":10,"column":28},"end":{"line":10,"column":29}},"loc":{"start":{"line":10,"column":50},"end":{"line":10,"column":98}}}},"branchMap":{"0":{"loc":{"start":{"line":10,"column":50},"end":{"line":10,"column":98}},"type":"binary-expr","locations":[{"start":{"line":10,"column":50},"end":{"line":10,"column":75}},{"start":{"line":10,"column":79},"end":{"line":10,"column":98}}]}},"s":{"0":0,"1":0,"2":0,"3":0,"4":0,"5":0,"6":0,"7":0,"8":0,"9":0,"10":0},"f":{"0":0,"1":0},"b":{"0":[0,0]}}
,"/Users/sebastianquintanam/fullstack-payment-app/frontend/src/pages/PaymentPage/index.tsx": {"path":"/Users/sebastianquintanam/fullstack-payment-app/frontend/src/pages/PaymentPage/index.tsx","statementMap":{"0":{"start":{"line":4,"column":0},"end":{"line":4,"column":42}},"1":{"start":{"line":5,"column":0},"end":{"line":5,"column":47}},"2":{"start":{"line":6,"column":0},"end":{"line":6,"column":67}},"3":{"start":{"line":9,"column":30},"end":{"line":35,"column":1}},"4":{"start":{"line":10,"column":19},"end":{"line":10,"column":32}},"5":{"start":{"line":11,"column":26},"end":{"line":11,"column":91}},"6":{"start":{"line":11,"column":60},"end":{"line":11,"column":90}},"7":{"start":{"line":13,"column":2},"end":{"line":16,"column":3}},"8":{"start":{"line":14,"column":4},"end":{"line":14,"column":26}},"9":{"start":{"line":15,"column":4},"end":{"line":15,"column":16}},"10":{"start":{"line":18,"column":32},"end":{"line":20,"column":3}},"11":{"start":{"line":19,"column":4},"end":{"line":19,"column":25}},"12":{"start":{"line":22,"column":2},"end":{"line":34,"column":4}},"13":{"start":{"line":37,"column":0},"end":{"line":37,"column":27}}},"fnMap":{"0":{"name":"(anonymous_0)","decl":{"start":{"line":9,"column":30},"end":{"line":9,"column":33}},"loc":{"start":{"line":9,"column":35},"end":{"line":35,"column":1}}},"1":{"name":"(anonymous_1)","decl":{"start":{"line":11,"column":38},"end":{"line":11,"column":39}},"loc":{"start":{"line":11,"column":60},"end":{"line":11,"column":90}}},"2":{"name":"(anonymous_2)","decl":{"start":{"line":18,"column":32},"end":{"line":18,"column":35}},"loc":{"start":{"line":18,"column":37},"end":{"line":20,"column":3}}}},"branchMap":{"0":{"loc":{"start":{"line":13,"column":2},"end":{"line":16,"column":3}},"type":"if","locations":[{"start":{"line":13,"column":2},"end":{"line":16,"column":3}}]}},"s":{"0":0,"1":0,"2":0,"3":0,"4":0,"5":0,"6":0,"7":0,"8":0,"9":0,"10":0,"11":0,"12":0,"13":0},"f":{"0":0,"1":0,"2":0},"b":{"0":[0]}}
,"/Users/sebastianquintanam/fullstack-payment-app/frontend/src/pages/ProductPage/index.tsx": {"path":"/Users/sebastianquintanam/fullstack-payment-app/frontend/src/pages/ProductPage/index.tsx","statementMap":{"0":{"start":{"line":1,"column":0},"end":{"line":1,"column":41}},"1":{"start":{"line":2,"column":0},"end":{"line":2,"column":55}},"2":{"start":{"line":3,"column":0},"end":{"line":3,"column":47}},"3":{"start":{"line":4,"column":0},"end":{"line":4,"column":84}},"4":{"start":{"line":8,"column":37},"end":{"line":67,"column":1}},"5":{"start":{"line":9,"column":19},"end":{"line":9,"column":45}},"6":{"start":{"line":10,"column":19},"end":{"line":10,"column":32}},"7":{"start":{"line":12,"column":39},"end":{"line":12,"column":88}},"8":{"start":{"line":12,"column":73},"end":{"line":12,"column":87}},"9":{"start":{"line":14,"column":2},"end":{"line":19,"column":35}},"10":{"start":{"line":16,"column":4},"end":{"line":18,"column":5}},"11":{"start":{"line":17,"column":6},"end":{"line":17,"column":32}},"12":{"start":{"line":21,"column":29},"end":{"line":27,"column":3}},"13":{"start":{"line":22,"column":28},"end":{"line":22,"column":83}},"14":{"start":{"line":22,"column":65},"end":{"line":22,"column":82}},"15":{"start":{"line":23,"column":4},"end":{"line":26,"column":5}},"16":{"start":{"line":24,"column":6},"end":{"line":24,"column":52}},"17":{"start":{"line":25,"column":6},"end":{"line":25,"column":34}},"18":{"start":{"line":29,"column":2},"end":{"line":35,"column":3}},"19":{"start":{"line":30,"column":4},"end":{"line":34,"column":6}},"20":{"start":{"line":37,"column":2},"end":{"line":43,"column":3}},"21":{"start":{"line":38,"column":4},"end":{"line":42,"column":6}},"22":{"start":{"line":45,"column":2},"end":{"line":66,"column":4}},"23":{"start":{"line":48,"column":8},"end":{"line":49,"column":null}},"24":{"start":{"line":51,"column":25},"end":{"line":51,"column":55}},"25":{"start":{"line":8,"column":13},"end":{"line":8,"column":37}},"26":{"start":{"line":69,"column":0},"end":{"line":69,"column":27}}},"fnMap":{"0":{"name":"(anonymous_0)","decl":{"start":{"line":8,"column":37},"end":{"line":8,"column":40}},"loc":{"start":{"line":8,"column":42},"end":{"line":67,"column":1}}},"1":{"name":"(anonymous_1)","decl":{"start":{"line":12,"column":51},"end":{"line":12,"column":52}},"loc":{"start":{"line":12,"column":73},"end":{"line":12,"column":87}}},"2":{"name":"(anonymous_2)","decl":{"start":{"line":14,"column":12},"end":{"line":14,"column":15}},"loc":{"start":{"line":14,"column":17},"end":{"line":19,"column":3}}},"3":{"name":"(anonymous_3)","decl":{"start":{"line":21,"column":29},"end":{"line":21,"column":30}},"loc":{"start":{"line":21,"column":44},"end":{"line":27,"column":3}}},"4":{"name":"(anonymous_4)","decl":{"start":{"line":22,"column":43},"end":{"line":22,"column":44}},"loc":{"start":{"line":22,"column":65},"end":{"line":22,"column":82}}},"5":{"name":"(anonymous_5)","decl":{"start":{"line":47,"column":21},"end":{"line":47,"column":22}},"loc":{"start":{"line":48,"column":8},"end":{"line":49,"column":null}}},"6":{"name":"(anonymous_6)","decl":{"start":{"line":51,"column":19},"end":{"line":51,"column":22}},"loc":{"start":{"line":51,"column":25},"end":{"line":51,"column":55}}}},"branchMap":{"0":{"loc":{"start":{"line":16,"column":4},"end":{"line":18,"column":5}},"type":"if","locations":[{"start":{"line":16,"column":4},"end":{"line":18,"column":5}}]},"1":{"loc":{"start":{"line":23,"column":4},"end":{"line":26,"column":5}},"type":"if","locations":[{"start":{"line":23,"column":4},"end":{"line":26,"column":5}}]},"2":{"loc":{"start":{"line":29,"column":2},"end":{"line":35,"column":3}},"type":"if","locations":[{"start":{"line":29,"column":2},"end":{"line":35,"column":3}}]},"3":{"loc":{"start":{"line":37,"column":2},"end":{"line":43,"column":3}},"type":"if","locations":[{"start":{"line":37,"column":2},"end":{"line":43,"column":3}}]}},"s":{"0":0,"1":0,"2":0,"3":0,"4":0,"5":0,"6":0,"7":0,"8":0,"9":0,"10":0,"11":0,"12":0,"13":0,"14":0,"15":0,"16":0,"17":0,"18":0,"19":0,"20":0,"21":0,"22":0,"23":0,"24":0,"25":0,"26":0},"f":{"0":0,"1":0,"2":0,"3":0,"4":0,"5":0,"6":0},"b":{"0":[0],"1":[0],"2":[0],"3":[0]}}
,"/Users/sebastianquintanam/fullstack-payment-app/frontend/src/pages/StatusPage/index.tsx": {"path":"/Users/sebastianquintanam/fullstack-payment-app/frontend/src/pages/StatusPage/index.tsx","statementMap":{"0":{"start":{"line":2,"column":0},"end":{"line":2,"column":51}},"1":{"start":{"line":3,"column":0},"end":{"line":3,"column":42}},"2":{"start":{"line":4,"column":0},"end":{"line":4,"column":47}},"3":{"start":{"line":6,"column":0},"end":{"line":6,"column":39}},"4":{"start":{"line":7,"column":0},"end":{"line":7,"column":48}},"5":{"start":{"line":8,"column":0},"end":{"line":8,"column":55}},"6":{"start":{"line":10,"column":36},"end":{"line":86,"column":1}},"7":{"start":{"line":11,"column":19},"end":{"line":11,"column":32}},"8":{"start":{"line":12,"column":22},"end":{"line":12,"column":94}},"9":{"start":{"line":12,"column":56},"end":{"line":12,"column":93}},"10":{"start":{"line":13,"column":30},"end":{"line":13,"column":57}},"11":{"start":{"line":14,"column":36},"end":{"line":14,"column":50}},"12":{"start":{"line":16,"column":2},"end":{"line":42,"column":30}},"13":{"start":{"line":17,"column":35},"end":{"line":38,"column":5}},"14":{"start":{"line":18,"column":6},"end":{"line":21,"column":7}},"15":{"start":{"line":19,"column":8},"end":{"line":19,"column":22}},"16":{"start":{"line":20,"column":8},"end":{"line":20,"column":15}},"17":{"start":{"line":23,"column":6},"end":{"line":37,"column":7}},"18":{"start":{"line":24,"column":25},"end":{"line":24,"column":99}},"19":{"start":{"line":25,"column":8},"end":{"line":25,"column":35}},"20":{"start":{"line":27,"column":8},"end":{"line":31,"column":9}},"21":{"start":{"line":28,"column":10},"end":{"line":28,"column":31}},"22":{"start":{"line":29,"column":15},"end":{"line":31,"column":9}},"23":{"start":{"line":30,"column":10},"end":{"line":30,"column":29}},"24":{"start":{"line":33,"column":8},"end":{"line":33,"column":55}},"25":{"start":{"line":34,"column":8},"end":{"line":34,"column":27}},"26":{"start":{"line":36,"column":8},"end":{"line":36,"column":28}},"27":{"start":{"line":40,"column":21},"end":{"line":40,"column":62}},"28":{"start":{"line":41,"column":4},"end":{"line":41,"column":41}},"29":{"start":{"line":41,"column":17},"end":{"line":41,"column":40}},"30":{"start":{"line":44,"column":27},"end":{"line":55,"column":3}},"31":{"start":{"line":45,"column":4},"end":{"line":54,"column":5}},"32":{"start":{"line":47,"column":8},"end":{"line":47,"column":39}},"33":{"start":{"line":49,"column":8},"end":{"line":49,"column":33}},"34":{"start":{"line":51,"column":8},"end":{"line":51,"column":32}},"35":{"start":{"line":53,"column":8},"end":{"line":53,"column":48}},"36":{"start":{"line":57,"column":2},"end":{"line":59,"column":3}},"37":{"start":{"line":58,"column":4},"end":{"line":58,"column":16}},"38":{"start":{"line":61,"column":2},"end":{"line":85,"column":4}},"39":{"start":{"line":10,"column":13},"end":{"line":10,"column":36}}},"fnMap":{"0":{"name":"(anonymous_1)","decl":{"start":{"line":10,"column":36},"end":{"line":10,"column":39}},"loc":{"start":{"line":10,"column":41},"end":{"line":86,"column":1}}},"1":{"name":"(anonymous_2)","decl":{"start":{"line":12,"column":34},"end":{"line":12,"column":35}},"loc":{"start":{"line":12,"column":56},"end":{"line":12,"column":93}}},"2":{"name":"(anonymous_3)","decl":{"start":{"line":16,"column":12},"end":{"line":16,"column":15}},"loc":{"start":{"line":16,"column":17},"end":{"line":42,"column":3}}},"3":{"name":"(anonymous_4)","decl":{"start":{"line":17,"column":35},"end":{"line":17,"column":40}},"loc":{"start":{"line":17,"column":46},"end":{"line":38,"column":5}}},"4":{"name":"(anonymous_5)","decl":{"start":{"line":41,"column":11},"end":{"line":41,"column":14}},"loc":{"start":{"line":41,"column":17},"end":{"line":41,"column":40}}},"5":{"name":"(anonymous_6)","decl":{"start":{"line":44,"column":27},"end":{"line":44,"column":30}},"loc":{"start":{"line":44,"column":32},"end":{"line":55,"column":3}}}},"branchMap":{"0":{"loc":{"start":{"line":18,"column":6},"end":{"line":21,"column":7}},"type":"if","locations":[{"start":{"line":18,"column":6},"end":{"line":21,"column":7}}]},"1":{"loc":{"start":{"line":27,"column":8},"end":{"line":31,"column":9}},"type":"if","locations":[{"start":{"line":27,"column":8},"end":{"line":31,"column":9}},{"start":{"line":29,"column":15},"end":{"line":31,"column":9}}]},"2":{"loc":{"start":{"line":29,"column":15},"end":{"line":31,"column":9}},"type":"if","locations":[{"start":{"line":29,"column":15},"end":{"line":31,"column":9}}]},"3":{"loc":{"start":{"line":29,"column":19},"end":{"line":29,"column":80}},"type":"binary-expr","locations":[{"start":{"line":29,"column":19},"end":{"line":29,"column":49}},{"start":{"line":29,"column":53},"end":{"line":29,"column":80}}]},"4":{"loc":{"start":{"line":45,"column":4},"end":{"line":54,"column":5}},"type":"switch","locations":[{"start":{"line":46,"column":6},"end":{"line":47,"column":39}},{"start":{"line":48,"column":6},"end":{"line":49,"column":33}},{"start":{"line":50,"column":6},"end":{"line":51,"column":32}},{"start":{"line":52,"column":6},"end":{"line":53,"column":48}}]},"5":{"loc":{"start":{"line":57,"column":2},"end":{"line":59,"column":3}},"type":"if","locations":[{"start":{"line":57,"column":2},"end":{"line":59,"column":3}}]},"6":{"loc":{"start":{"line":65,"column":11},"end":{"line":65,"column":92}},"type":"binary-expr","locations":[{"start":{"line":65,"column":11},"end":{"line":65,"column":20}},{"start":{"line":65,"column":24},"end":{"line":65,"column":92}}]}},"s":{"0":0,"1":0,"2":0,"3":0,"4":0,"5":0,"6":0,"7":0,"8":0,"9":0,"10":0,"11":0,"12":0,"13":0,"14":0,"15":0,"16":0,"17":0,"18":0,"19":0,"20":0,"21":0,"22":0,"23":0,"24":0,"25":0,"26":0,"27":0,"28":0,"29":0,"30":0,"31":0,"32":0,"33":0,"34":0,"35":0,"36":0,"37":0,"38":0,"39":0},"f":{"0":0,"1":0,"2":0,"3":0,"4":0,"5":0},"b":{"0":[0],"1":[0,0],"2":[0],"3":[0,0],"4":[0,0,0,0],"5":[0],"6":[0,0]}}
,"/Users/sebastianquintanam/fullstack-payment-app/frontend/src/pages/SuccessPage/index.tsx": {"path":"/Users/sebastianquintanam/fullstack-payment-app/frontend/src/pages/SuccessPage/index.tsx","statementMap":{"0":{"start":{"line":3,"column":0},"end":{"line":3,"column":42}},"1":{"start":{"line":4,"column":0},"end":{"line":4,"column":40}},"2":{"start":{"line":6,"column":0},"end":{"line":6,"column":43}},"3":{"start":{"line":7,"column":0},"end":{"line":7,"column":48}},"4":{"start":{"line":9,"column":37},"end":{"line":46,"column":1}},"5":{"start":{"line":10,"column":22},"end":{"line":10,"column":94}},"6":{"start":{"line":10,"column":56},"end":{"line":10,"column":93}},"7":{"start":{"line":11,"column":18},"end":{"line":11,"column":83}},"8":{"start":{"line":11,"column":52},"end":{"line":11,"column":82}},"9":{"start":{"line":13,"column":2},"end":{"line":45,"column":4}},"10":{"start":{"line":9,"column":13},"end":{"line":9,"column":37}}},"fnMap":{"0":{"name":"(anonymous_0)","decl":{"start":{"line":9,"column":37},"end":{"line":9,"column":40}},"loc":{"start":{"line":9,"column":42},"end":{"line":46,"column":1}}},"1":{"name":"(anonymous_1)","decl":{"start":{"line":10,"column":34},"end":{"line":10,"column":35}},"loc":{"start":{"line":10,"column":56},"end":{"line":10,"column":93}}},"2":{"name":"(anonymous_2)","decl":{"start":{"line":11,"column":30},"end":{"line":11,"column":31}},"loc":{"start":{"line":11,"column":52},"end":{"line":11,"column":82}}}},"branchMap":{},"s":{"0":0,"1":0,"2":0,"3":0,"4":0,"5":0,"6":0,"7":0,"8":0,"9":0,"10":0},"f":{"0":0,"1":0,"2":0},"b":{}}
,"/Users/sebastianquintanam/fullstack-payment-app/frontend/src/pages/SummaryPage/index.tsx": {"path":"/Users/sebastianquintanam/fullstack-payment-app/frontend/src/pages/SummaryPage/index.tsx","statementMap":{"0":{"start":{"line":2,"column":0},"end":{"line":2,"column":47}},"1":{"start":{"line":4,"column":30},"end":{"line":30,"column":1}},"2":{"start":{"line":5,"column":19},"end":{"line":5,"column":32}},"3":{"start":{"line":7,"column":24},"end":{"line":10,"column":3}},"4":{"start":{"line":9,"column":4},"end":{"line":9,"column":24}},"5":{"start":{"line":12,"column":2},"end":{"line":29,"column":4}},"6":{"start":{"line":32,"column":0},"end":{"line":32,"column":27}}},"fnMap":{"0":{"name":"(anonymous_0)","decl":{"start":{"line":4,"column":30},"end":{"line":4,"column":33}},"loc":{"start":{"line":4,"column":35},"end":{"line":30,"column":1}}},"1":{"name":"(anonymous_1)","decl":{"start":{"line":7,"column":24},"end":{"line":7,"column":27}},"loc":{"start":{"line":7,"column":29},"end":{"line":10,"column":3}}}},"branchMap":{},"s":{"0":0,"1":0,"2":0,"3":0,"4":0,"5":0,"6":0},"f":{"0":0,"1":0},"b":{}}
,"/Users/sebastianquintanam/fullstack-payment-app/frontend/src/services/api.ts": {"path":"/Users/sebastianquintanam/fullstack-payment-app/frontend/src/services/api.ts","statementMap":{"0":{"start":{"line":1,"column":13},"end":{"line":1,"column":47}}},"fnMap":{},"branchMap":{},"s":{"0":0},"f":{},"b":{}}
,"/Users/sebastianquintanam/fullstack-payment-app/frontend/src/services/productService.ts": {"path":"/Users/sebastianquintanam/fullstack-payment-app/frontend/src/services/productService.ts","statementMap":{"0":{"start":{"line":8,"column":15},"end":{"line":22,"column":4}},"1":{"start":{"line":10,"column":23},"end":{"line":16,"column":8}},"2":{"start":{"line":18,"column":6},"end":{"line":20,"column":7}},"3":{"start":{"line":19,"column":8},"end":{"line":19,"column":55}}},"fnMap":{"0":{"name":"(anonymous_0)","decl":{"start":{"line":9,"column":4},"end":{"line":9,"column":9}},"loc":{"start":{"line":9,"column":64},"end":{"line":21,"column":5}}}},"branchMap":{"0":{"loc":{"start":{"line":18,"column":6},"end":{"line":20,"column":7}},"type":"if","locations":[{"start":{"line":18,"column":6},"end":{"line":20,"column":7}}]}},"s":{"0":0,"1":0,"2":0,"3":0},"f":{"0":0},"b":{"0":[0]}}
,"/Users/sebastianquintanam/fullstack-payment-app/frontend/src/services/wompiService.ts": {"path":"/Users/sebastianquintanam/fullstack-payment-app/frontend/src/services/wompiService.ts","statementMap":{"0":{"start":{"line":25,"column":21},"end":{"line":25,"column":null}},"1":{"start":{"line":26,"column":21},"end":{"line":26,"column":null}},"2":{"start":{"line":29,"column":24},"end":{"line":34,"column":17}},"3":{"start":{"line":36,"column":6},"end":{"line":36,"column":62}},"4":{"start":{"line":40,"column":6},"end":{"line":43,"column":7}},"5":{"start":{"line":41,"column":27},"end":{"line":41,"column":48}},"6":{"start":{"line":42,"column":8},"end":{"line":42,"column":69}},"7":{"start":{"line":44,"column":6},"end":{"line":44,"column":43}},"8":{"start":{"line":48,"column":6},"end":{"line":74,"column":7}},"9":{"start":{"line":49,"column":25},"end":{"line":61,"column":10}},"10":{"start":{"line":63,"column":30},"end":{"line":63,"column":87}},"11":{"start":{"line":65,"column":8},"end":{"line":71,"column":10}},"12":{"start":{"line":73,"column":8},"end":{"line":73,"column":93}},"13":{"start":{"line":78,"column":6},"end":{"line":92,"column":7}},"14":{"start":{"line":79,"column":25},"end":{"line":86,"column":10}},"15":{"start":{"line":88,"column":30},"end":{"line":88,"column":81}},"16":{"start":{"line":89,"column":8},"end":{"line":89,"column":32}},"17":{"start":{"line":91,"column":8},"end":{"line":91,"column":92}},"18":{"start":{"line":96,"column":6},"end":{"line":114,"column":7}},"19":{"start":{"line":97,"column":25},"end":{"line":101,"column":10}},"20":{"start":{"line":103,"column":30},"end":{"line":103,"column":87}},"21":{"start":{"line":105,"column":8},"end":{"line":111,"column":10}},"22":{"start":{"line":113,"column":8},"end":{"line":113,"column":97}},"23":{"start":{"line":118,"column":23},"end":{"line":118,"column":41}},"24":{"start":{"line":119,"column":2},"end":{"line":119,"column":30}}},"fnMap":{"0":{"name":"(anonymous_0)","decl":{"start":{"line":24,"column":2},"end":{"line":24,"column":8}},"loc":{"start":{"line":24,"column":2},"end":{"line":116,"column":3}}},"1":{"name":"(anonymous_1)","decl":{"start":{"line":28,"column":12},"end":{"line":28,"column":26}},"loc":{"start":{"line":28,"column":46},"end":{"line":37,"column":5}}},"2":{"name":"(anonymous_2)","decl":{"start":{"line":39,"column":12},"end":{"line":39,"column":17}},"loc":{"start":{"line":39,"column":54},"end":{"line":45,"column":5}}},"3":{"name":"(anonymous_3)","decl":{"start":{"line":47,"column":4},"end":{"line":47,"column":9}},"loc":{"start":{"line":47,"column":59},"end":{"line":75,"column":5}}},"4":{"name":"(anonymous_4)","decl":{"start":{"line":77,"column":4},"end":{"line":77,"column":9}},"loc":{"start":{"line":77,"column":56},"end":{"line":93,"column":5}}},"5":{"name":"(anonymous_5)","decl":{"start":{"line":95,"column":4},"end":{"line":95,"column":9}},"loc":{"start":{"line":95,"column":67},"end":{"line":115,"column":5}}}},"branchMap":{"0":{"loc":{"start":{"line":40,"column":6},"end":{"line":43,"column":7}},"type":"if","locations":[{"start":{"line":40,"column":6},"end":{"line":43,"column":7}}]},"1":{"loc":{"start":{"line":42,"column":24},"end":{"line":42,"column":67}},"type":"binary-expr","locations":[{"start":{"line":42,"column":24},"end":{"line":42,"column":47}},{"start":{"line":42,"column":51},"end":{"line":42,"column":67}}]},"2":{"loc":{"start":{"line":73,"column":24},"end":{"line":73,"column":91}},"type":"cond-expr","locations":[{"start":{"line":73,"column":49},"end":{"line":73,"column":62}},{"start":{"line":73,"column":65},"end":{"line":73,"column":91}}]},"3":{"loc":{"start":{"line":91,"column":24},"end":{"line":91,"column":90}},"type":"cond-expr","locations":[{"start":{"line":91,"column":49},"end":{"line":91,"column":62}},{"start":{"line":91,"column":65},"end":{"line":91,"column":90}}]},"4":{"loc":{"start":{"line":113,"column":24},"end":{"line":113,"column":95}},"type":"cond-expr","locations":[{"start":{"line":113,"column":49},"end":{"line":113,"column":62}},{"start":{"line":113,"column":65},"end":{"line":113,"column":95}}]}},"s":{"0":0,"1":0,"2":0,"3":0,"4":0,"5":0,"6":0,"7":0,"8":0,"9":0,"10":0,"11":0,"12":0,"13":0,"14":0,"15":0,"16":0,"17":0,"18":0,"19":0,"20":0,"21":0,"22":0,"23":0,"24":0},"f":{"0":0,"1":0,"2":0,"3":0,"4":0,"5":0},"b":{"0":[0],"1":[0,0],"2":[0,0],"3":[0,0],"4":[0,0]}}
,"/Users/sebastianquintanam/fullstack-payment-app/frontend/src/store/hooks.ts": {"path":"/Users/sebastianquintanam/fullstack-payment-app/frontend/src/store/hooks.ts","statementMap":{"0":{"start":{"line":3,"column":0},"end":{"line":3,"column":77}},"1":{"start":{"line":7,"column":30},"end":{"line":7,"column":62}},"2":{"start":{"line":7,"column":36},"end":{"line":7,"column":62}},"3":{"start":{"line":7,"column":13},"end":{"line":7,"column":30}},"4":{"start":{"line":8,"column":13},"end":{"line":8,"column":75}}},"fnMap":{"0":{"name":"(anonymous_0)","decl":{"start":{"line":7,"column":30},"end":{"line":7,"column":33}},"loc":{"start":{"line":7,"column":36},"end":{"line":7,"column":62}}}},"branchMap":{},"s":{"0":0,"1":0,"2":0,"3":0,"4":0},"f":{"0":0},"b":{}}
,"/Users/sebastianquintanam/fullstack-payment-app/frontend/src/store/index.ts": {"path":"/Users/sebastianquintanam/fullstack-payment-app/frontend/src/store/index.ts","statementMap":{"0":{"start":{"line":1,"column":0},"end":{"line":1,"column":50}},"1":{"start":{"line":2,"column":0},"end":{"line":2,"column":51}},"2":{"start":{"line":3,"column":0},"end":{"line":3,"column":59}},"3":{"start":{"line":5,"column":14},"end":{"line":10,"column":2}},"4":{"start":{"line":15,"column":0},"end":{"line":15,"column":21}}},"fnMap":{},"branchMap":{},"s":{"0":0,"1":0,"2":0,"3":0,"4":0},"f":{},"b":{}}
,"/Users/sebastianquintanam/fullstack-payment-app/frontend/src/store/store.ts": {"path":"/Users/sebastianquintanam/fullstack-payment-app/frontend/src/store/store.ts","statementMap":{"0":{"start":{"line":1,"column":0},"end":{"line":1,"column":50}},"1":{"start":{"line":2,"column":0},"end":{"line":2,"column":51}},"2":{"start":{"line":3,"column":0},"end":{"line":3,"column":59}},"3":{"start":{"line":5,"column":13},"end":{"line":10,"column":3}},"4":{"start":{"line":14,"column":0},"end":{"line":14,"column":21}}},"fnMap":{},"branchMap":{},"s":{"0":0,"1":0,"2":0,"3":0,"4":0},"f":{},"b":{}}
,"/Users/sebastianquintanam/fullstack-payment-app/frontend/src/store/slices/productSlice.ts": {"path":"/Users/sebastianquintanam/fullstack-payment-app/frontend/src/store/slices/productSlice.ts","statementMap":{"0":{"start":{"line":1,"column":0},"end":{"line":1,"column":80}},"1":{"start":{"line":4,"column":35},"end":{"line":9,"column":2}},"2":{"start":{"line":11,"column":13},"end":{"line":33,"column":2}},"3":{"start":{"line":14,"column":4},"end":{"line":31,"column":5}},"4":{"start":{"line":15,"column":23},"end":{"line":15,"column":51}},"5":{"start":{"line":16,"column":6},"end":{"line":18,"column":7}},"6":{"start":{"line":17,"column":8},"end":{"line":17,"column":57}},"7":{"start":{"line":19,"column":19},"end":{"line":19,"column":40}},"8":{"start":{"line":22,"column":6},"end":{"line":28,"column":10}},"9":{"start":{"line":22,"column":123},"end":{"line":28,"column":8}},"10":{"start":{"line":30,"column":6},"end":{"line":30,"column":84}},"11":{"start":{"line":35,"column":21},"end":{"line":69,"column":2}},"12":{"start":{"line":40,"column":6},"end":{"line":40,"column":45}},"13":{"start":{"line":46,"column":22},"end":{"line":46,"column":81}},"14":{"start":{"line":46,"column":47},"end":{"line":46,"column":80}},"15":{"start":{"line":47,"column":6},"end":{"line":49,"column":7}},"16":{"start":{"line":48,"column":8},"end":{"line":48,"column":48}},"17":{"start":{"line":53,"column":4},"end":{"line":67,"column":9}},"18":{"start":{"line":55,"column":8},"end":{"line":55,"column":29}},"19":{"start":{"line":56,"column":8},"end":{"line":56,"column":27}},"20":{"start":{"line":59,"column":8},"end":{"line":59,"column":30}},"21":{"start":{"line":60,"column":8},"end":{"line":60,"column":40}},"22":{"start":{"line":61,"column":8},"end":{"line":61,"column":27}},"23":{"start":{"line":64,"column":8},"end":{"line":64,"column":30}},"24":{"start":{"line":65,"column":8},"end":{"line":65,"column":78}},"25":{"start":{"line":66,"column":8},"end":{"line":66,"column":28}},"26":{"start":{"line":71,"column":13},"end":{"line":71,"column":51}},"27":{"start":{"line":72,"column":0},"end":{"line":72,"column":36}}},"fnMap":{"0":{"name":"(anonymous_0)","decl":{"start":{"line":13,"column":2},"end":{"line":13,"column":7}},"loc":{"start":{"line":13,"column":33},"end":{"line":32,"column":3}}},"1":{"name":"(anonymous_1)","decl":{"start":{"line":22,"column":22},"end":{"line":22,"column":23}},"loc":{"start":{"line":22,"column":123},"end":{"line":28,"column":8}}},"2":{"name":"(anonymous_2)","decl":{"start":{"line":39,"column":24},"end":{"line":39,"column":25}},"loc":{"start":{"line":39,"column":66},"end":{"line":41,"column":5}}},"3":{"name":"(anonymous_3)","decl":{"start":{"line":42,"column":17},"end":{"line":42,"column":null}},"loc":{"start":{"line":45,"column":8},"end":{"line":50,"column":5}}},"4":{"name":"(anonymous_4)","decl":{"start":{"line":46,"column":42},"end":{"line":46,"column":43}},"loc":{"start":{"line":46,"column":47},"end":{"line":46,"column":80}}},"5":{"name":"(anonymous_5)","decl":{"start":{"line":52,"column":17},"end":{"line":52,"column":18}},"loc":{"start":{"line":52,"column":29},"end":{"line":68,"column":3}}},"6":{"name":"(anonymous_6)","decl":{"start":{"line":54,"column":38},"end":{"line":54,"column":39}},"loc":{"start":{"line":54,"column":48},"end":{"line":57,"column":7}}},"7":{"name":"(anonymous_7)","decl":{"start":{"line":58,"column":40},"end":{"line":58,"column":41}},"loc":{"start":{"line":58,"column":58},"end":{"line":62,"column":7}}},"8":{"name":"(anonymous_8)","decl":{"start":{"line":63,"column":39},"end":{"line":63,"column":40}},"loc":{"start":{"line":63,"column":57},"end":{"line":67,"column":7}}}},"branchMap":{"0":{"loc":{"start":{"line":16,"column":6},"end":{"line":18,"column":7}},"type":"if","locations":[{"start":{"line":16,"column":6},"end":{"line":18,"column":7}}]},"1":{"loc":{"start":{"line":30,"column":22},"end":{"line":30,"column":82}},"type":"cond-expr","locations":[{"start":{"line":30,"column":47},"end":{"line":30,"column":60}},{"start":{"line":30,"column":63},"end":{"line":30,"column":82}}]},"2":{"loc":{"start":{"line":47,"column":6},"end":{"line":49,"column":7}},"type":"if","locations":[{"start":{"line":47,"column":6},"end":{"line":49,"column":7}}]},"3":{"loc":{"start":{"line":65,"column":22},"end":{"line":65,"column":77}},"type":"binary-expr","locations":[{"start":{"line":65,"column":22},"end":{"line":65,"column":42}},{"start":{"line":65,"column":46},"end":{"line":65,"column":77}}]}},"s":{"0":0,"1":0,"2":0,"3":0,"4":0,"5":0,"6":0,"7":0,"8":0,"9":0,"10":0,"11":0,"12":0,"13":0,"14":0,"15":0,"16":0,"17":0,"18":0,"19":0,"20":0,"21":0,"22":0,"23":0,"24":0,"25":0,"26":0,"27":0},"f":{"0":0,"1":0,"2":0,"3":0,"4":0,"5":0,"6":0,"7":0,"8":0},"b":{"0":[0],"1":[0,0],"2":[0],"3":[0,0]}}
,"/Users/sebastianquintanam/fullstack-payment-app/frontend/src/store/slices/transactionSlice.ts": {"path":"/Users/sebastianquintanam/fullstack-payment-app/frontend/src/store/slices/transactionSlice.ts","statementMap":{"0":{"start":{"line":1,"column":0},"end":{"line":1,"column":62}},"1":{"start":{"line":5,"column":39},"end":{"line":9,"column":2}},"2":{"start":{"line":12,"column":35},"end":{"line":20,"column":1}},"3":{"start":{"line":17,"column":2},"end":{"line":19,"column":4}},"4":{"start":{"line":18,"column":4},"end":{"line":18,"column":72}},"5":{"start":{"line":22,"column":25},"end":{"line":109,"column":2}},"6":{"start":{"line":30,"column":6},"end":{"line":30,"column":48}},"7":{"start":{"line":33,"column":34},"end":{"line":34,"column":null}},"8":{"start":{"line":34,"column":25},"end":{"line":34,"column":61}},"9":{"start":{"line":36,"column":6},"end":{"line":38,"column":7}},"10":{"start":{"line":37,"column":8},"end":{"line":37,"column":43}},"11":{"start":{"line":54,"column":59},"end":{"line":54,"column":73}},"12":{"start":{"line":56,"column":6},"end":{"line":70,"column":7}},"13":{"start":{"line":57,"column":8},"end":{"line":63,"column":10}},"14":{"start":{"line":64,"column":8},"end":{"line":69,"column":11}},"15":{"start":{"line":80,"column":36},"end":{"line":80,"column":50}},"16":{"start":{"line":82,"column":6},"end":{"line":91,"column":7}},"17":{"start":{"line":83,"column":8},"end":{"line":86,"column":10}},"18":{"start":{"line":87,"column":8},"end":{"line":87,"column":28}},"19":{"start":{"line":88,"column":8},"end":{"line":90,"column":11}},"20":{"start":{"line":98,"column":6},"end":{"line":98,"column":38}},"21":{"start":{"line":99,"column":6},"end":{"line":99,"column":25}},"22":{"start":{"line":106,"column":6},"end":{"line":106,"column":25}},"23":{"start":{"line":111,"column":13},"end":{"line":116,"column":null}},"24":{"start":{"line":119,"column":0},"end":{"line":119,"column":40}}},"fnMap":{"0":{"name":"(anonymous_0)","decl":{"start":{"line":12,"column":35},"end":{"line":12,"column":null}},"loc":{"start":{"line":16,"column":19},"end":{"line":20,"column":1}}},"1":{"name":"(anonymous_1)","decl":{"start":{"line":17,"column":21},"end":{"line":17,"column":22}},"loc":{"start":{"line":18,"column":4},"end":{"line":18,"column":72}}},"2":{"name":"(anonymous_2)","decl":{"start":{"line":29,"column":27},"end":{"line":29,"column":28}},"loc":{"start":{"line":29,"column":73},"end":{"line":39,"column":5}}},"3":{"name":"(anonymous_3)","decl":{"start":{"line":34,"column":8},"end":{"line":34,"column":9}},"loc":{"start":{"line":34,"column":25},"end":{"line":34,"column":61}}},"4":{"name":"(anonymous_4)","decl":{"start":{"line":44,"column":28},"end":{"line":44,"column":null}},"loc":{"start":{"line":53,"column":8},"end":{"line":71,"column":5}}},"5":{"name":"(anonymous_5)","decl":{"start":{"line":76,"column":26},"end":{"line":76,"column":null}},"loc":{"start":{"line":79,"column":8},"end":{"line":92,"column":5}}},"6":{"name":"(anonymous_6)","decl":{"start":{"line":97,"column":29},"end":{"line":97,"column":30}},"loc":{"start":{"line":97,"column":39},"end":{"line":100,"column":5}}},"7":{"name":"(anonymous_7)","decl":{"start":{"line":105,"column":27},"end":{"line":105,"column":28}},"loc":{"start":{"line":105,"column":37},"end":{"line":107,"column":5}}}},"branchMap":{"0":{"loc":{"start":{"line":18,"column":4},"end":{"line":18,"column":72}},"type":"cond-expr","locations":[{"start":{"line":18,"column":28},"end":{"line":18,"column":58}},{"start":{"line":18,"column":61},"end":{"line":18,"column":72}}]},"1":{"loc":{"start":{"line":36,"column":6},"end":{"line":38,"column":7}},"type":"if","locations":[{"start":{"line":36,"column":6},"end":{"line":38,"column":7}}]},"2":{"loc":{"start":{"line":56,"column":6},"end":{"line":70,"column":7}},"type":"if","locations":[{"start":{"line":56,"column":6},"end":{"line":70,"column":7}}]},"3":{"loc":{"start":{"line":56,"column":10},"end":{"line":56,"column":72}},"type":"binary-expr","locations":[{"start":{"line":56,"column":10},"end":{"line":56,"column":34}},{"start":{"line":56,"column":38},"end":{"line":56,"column":72}}]},"4":{"loc":{"start":{"line":82,"column":6},"end":{"line":91,"column":7}},"type":"if","locations":[{"start":{"line":82,"column":6},"end":{"line":91,"column":7}}]},"5":{"loc":{"start":{"line":82,"column":10},"end":{"line":82,"column":72}},"type":"binary-expr","locations":[{"start":{"line":82,"column":10},"end":{"line":82,"column":34}},{"start":{"line":82,"column":38},"end":{"line":82,"column":72}}]}},"s":{"0":0,"1":0,"2":0,"3":0,"4":0,"5":0,"6":0,"7":0,"8":0,"9":0,"10":0,"11":0,"12":0,"13":0,"14":0,"15":0,"16":0,"17":0,"18":0,"19":0,"20":0,"21":0,"22":0,"23":0,"24":0},"f":{"0":0,"1":0,"2":0,"3":0,"4":0,"5":0,"6":0,"7":0},"b":{"0":[0,0],"1":[0],"2":[0],"3":[0,0],"4":[0],"5":[0,0]}}
,"/Users/sebastianquintanam/fullstack-payment-app/frontend/src/utils/cardValidations.ts": {"path":"/Users/sebastianquintanam/fullstack-payment-app/frontend/src/utils/cardValidations.ts","statementMap":{"0":{"start":{"line":4,"column":22},"end":{"line":7,"column":4}},"1":{"start":{"line":10,"column":15},"end":{"line":127,"column":4}},"2":{"start":{"line":13,"column":26},"end":{"line":13,"column":52}},"3":{"start":{"line":15,"column":6},"end":{"line":17,"column":7}},"4":{"start":{"line":16,"column":8},"end":{"line":16,"column":22}},"5":{"start":{"line":18,"column":6},"end":{"line":20,"column":7}},"6":{"start":{"line":19,"column":8},"end":{"line":19,"column":28}},"7":{"start":{"line":21,"column":6},"end":{"line":21,"column":23}},"8":{"start":{"line":26,"column":26},"end":{"line":26,"column":52}},"9":{"start":{"line":27,"column":6},"end":{"line":27,"column":51}},"10":{"start":{"line":27,"column":38},"end":{"line":27,"column":51}},"11":{"start":{"line":29,"column":16},"end":{"line":29,"column":17}},"12":{"start":{"line":30,"column":19},"end":{"line":30,"column":24}},"13":{"start":{"line":32,"column":6},"end":{"line":44,"column":7}},"14":{"start":{"line":32,"column":19},"end":{"line":32,"column":41}},"15":{"start":{"line":33,"column":20},"end":{"line":33,"column":44}},"16":{"start":{"line":35,"column":8},"end":{"line":40,"column":9}},"17":{"start":{"line":36,"column":10},"end":{"line":36,"column":21}},"18":{"start":{"line":37,"column":10},"end":{"line":39,"column":11}},"19":{"start":{"line":38,"column":12},"end":{"line":38,"column":23}},"20":{"start":{"line":42,"column":8},"end":{"line":42,"column":21}},"21":{"start":{"line":43,"column":8},"end":{"line":43,"column":25}},"22":{"start":{"line":46,"column":6},"end":{"line":46,"column":28}},"23":{"start":{"line":51,"column":26},"end":{"line":51,"column":36}},"24":{"start":{"line":52,"column":26},"end":{"line":52,"column":57}},"25":{"start":{"line":53,"column":27},"end":{"line":53,"column":53}},"26":{"start":{"line":55,"column":23},"end":{"line":55,"column":38}},"27":{"start":{"line":56,"column":22},"end":{"line":56,"column":36}},"28":{"start":{"line":58,"column":6},"end":{"line":58,"column":46}},"29":{"start":{"line":58,"column":33},"end":{"line":58,"column":46}},"30":{"start":{"line":59,"column":6},"end":{"line":59,"column":75}},"31":{"start":{"line":59,"column":62},"end":{"line":59,"column":75}},"32":{"start":{"line":60,"column":6},"end":{"line":60,"column":54}},"33":{"start":{"line":60,"column":41},"end":{"line":60,"column":54}},"34":{"start":{"line":62,"column":6},"end":{"line":62,"column":18}},"35":{"start":{"line":67,"column":6},"end":{"line":67,"column":38}},"36":{"start":{"line":72,"column":6},"end":{"line":72,"column":67}},"37":{"start":{"line":83,"column":45},"end":{"line":83,"column":47}},"38":{"start":{"line":86,"column":6},"end":{"line":90,"column":7}},"39":{"start":{"line":87,"column":8},"end":{"line":87,"column":53}},"40":{"start":{"line":88,"column":13},"end":{"line":90,"column":7}},"41":{"start":{"line":89,"column":8},"end":{"line":89,"column":69}},"42":{"start":{"line":93,"column":6},"end":{"line":95,"column":7}},"43":{"start":{"line":94,"column":8},"end":{"line":94,"column":55}},"44":{"start":{"line":98,"column":6},"end":{"line":100,"column":7}},"45":{"start":{"line":99,"column":8},"end":{"line":99,"column":36}},"46":{"start":{"line":103,"column":6},"end":{"line":105,"column":7}},"47":{"start":{"line":104,"column":8},"end":{"line":104,"column":58}},"48":{"start":{"line":107,"column":6},"end":{"line":110,"column":8}},"49":{"start":{"line":115,"column":26},"end":{"line":115,"column":52}},"50":{"start":{"line":116,"column":6},"end":{"line":116,"column":59}},"51":{"start":{"line":121,"column":25},"end":{"line":121,"column":50}},"52":{"start":{"line":122,"column":6},"end":{"line":124,"column":7}},"53":{"start":{"line":123,"column":8},"end":{"line":123,"column":69}},"54":{"start":{"line":125,"column":6},"end":{"line":125,"column":24}}},"fnMap":{"0":{"name":"(anonymous_0)","decl":{"start":{"line":12,"column":17},"end":{"line":12,"column":18}},"loc":{"start":{"line":12,"column":71},"end":{"line":22,"column":5}}},"1":{"name":"(anonymous_1)","decl":{"start":{"line":25,"column":24},"end":{"line":25,"column":25}},"loc":{"start":{"line":25,"column":52},"end":{"line":47,"column":5}}},"2":{"name":"(anonymous_2)","decl":{"start":{"line":50,"column":20},"end":{"line":50,"column":21}},"loc":{"start":{"line":50,"column":61},"end":{"line":63,"column":5}}},"3":{"name":"(anonymous_3)","decl":{"start":{"line":66,"column":17},"end":{"line":66,"column":18}},"loc":{"start":{"line":66,"column":42},"end":{"line":68,"column":5}}},"4":{"name":"(anonymous_4)","decl":{"start":{"line":71,"column":24},"end":{"line":71,"column":25}},"loc":{"start":{"line":71,"column":50},"end":{"line":73,"column":5}}},"5":{"name":"(anonymous_5)","decl":{"start":{"line":76,"column":22},"end":{"line":76,"column":23}},"loc":{"start":{"line":82,"column":63},"end":{"line":111,"column":5}}},"6":{"name":"(anonymous_6)","decl":{"start":{"line":114,"column":22},"end":{"line":114,"column":23}},"loc":{"start":{"line":114,"column":49},"end":{"line":117,"column":5}}},"7":{"name":"(anonymous_7)","decl":{"start":{"line":120,"column":18},"end":{"line":120,"column":19}},"loc":{"start":{"line":120,"column":44},"end":{"line":126,"column":5}}}},"branchMap":{"0":{"loc":{"start":{"line":15,"column":6},"end":{"line":17,"column":7}},"type":"if","locations":[{"start":{"line":15,"column":6},"end":{"line":17,"column":7}}]},"1":{"loc":{"start":{"line":18,"column":6},"end":{"line":20,"column":7}},"type":"if","locations":[{"start":{"line":18,"column":6},"end":{"line":20,"column":7}}]},"2":{"loc":{"start":{"line":27,"column":6},"end":{"line":27,"column":51}},"type":"if","locations":[{"start":{"line":27,"column":6},"end":{"line":27,"column":51}}]},"3":{"loc":{"start":{"line":35,"column":8},"end":{"line":40,"column":9}},"type":"if","locations":[{"start":{"line":35,"column":8},"end":{"line":40,"column":9}}]},"4":{"loc":{"start":{"line":37,"column":10},"end":{"line":39,"column":11}},"type":"if","locations":[{"start":{"line":37,"column":10},"end":{"line":39,"column":11}}]},"5":{"loc":{"start":{"line":58,"column":6},"end":{"line":58,"column":46}},"type":"if","locations":[{"start":{"line":58,"column":6},"end":{"line":58,"column":46}}]},"6":{"loc":{"start":{"line":59,"column":6},"end":{"line":59,"column":75}},"type":"if","locations":[{"start":{"line":59,"column":6},"end":{"line":59,"column":75}}]},"7":{"loc":{"start":{"line":59,"column":10},"end":{"line":59,"column":60}},"type":"binary-expr","locations":[{"start":{"line":59,"column":10},"end":{"line":59,"column":33}},{"start":{"line":59,"column":37},"end":{"line":59,"column":60}}]},"8":{"loc":{"start":{"line":60,"column":6},"end":{"line":60,"column":54}},"type":"if","locations":[{"start":{"line":60,"column":6},"end":{"line":60,"column":54}}]},"9":{"loc":{"start":{"line":60,"column":10},"end":{"line":60,"column":39}},"type":"binary-expr","locations":[{"start":{"line":60,"column":10},"end":{"line":60,"column":22}},{"start":{"line":60,"column":26},"end":{"line":60,"column":39}}]},"10":{"loc":{"start":{"line":72,"column":13},"end":{"line":72,"column":66}},"type":"binary-expr","locations":[{"start":{"line":72,"column":13},"end":{"line":72,"column":36}},{"start":{"line":72,"column":40},"end":{"line":72,"column":66}}]},"11":{"loc":{"start":{"line":86,"column":6},"end":{"line":90,"column":7}},"type":"if","locations":[{"start":{"line":86,"column":6},"end":{"line":90,"column":7}},{"start":{"line":88,"column":13},"end":{"line":90,"column":7}}]},"12":{"loc":{"start":{"line":88,"column":13},"end":{"line":90,"column":7}},"type":"if","locations":[{"start":{"line":88,"column":13},"end":{"line":90,"column":7}}]},"13":{"loc":{"start":{"line":93,"column":6},"end":{"line":95,"column":7}},"type":"if","locations":[{"start":{"line":93,"column":6},"end":{"line":95,"column":7}}]},"14":{"loc":{"start":{"line":98,"column":6},"end":{"line":100,"column":7}},"type":"if","locations":[{"start":{"line":98,"column":6},"end":{"line":100,"column":7}}]},"15":{"loc":{"start":{"line":103,"column":6},"end":{"line":105,"column":7}},"type":"if","locations":[{"start":{"line":103,"column":6},"end":{"line":105,"column":7}}]},"16":{"loc":{"start":{"line":122,"column":6},"end":{"line":124,"column":7}},"type":"if","locations":[{"start":{"line":122,"column":6},"end":{"line":124,"column":7}}]}},"s":{"0":0,"1":0,"2":0,"3":0,"4":0,"5":0,"6":0,"7":0,"8":0,"9":0,"10":0,"11":0,"12":0,"13":0,"14":0,"15":0,"16":0,"17":0,"18":0,"19":0,"20":0,"21":0,"22":0,"23":0,"24":0,"25":0,"26":0,"27":0,"28":0,"29":0,"30":0,"31":0,"32":0,"33":0,"34":0,"35":0,"36":0,"37":0,"38":0,"39":0,"40":0,"41":0,"42":0,"43":0,"44":0,"45":0,"46":0,"47":0,"48":0,"49":0,"50":0,"51":0,"52":0,"53":0,"54":0},"f":{"0":0,"1":0,"2":0,"3":0,"4":0,"5":0,"6":0,"7":0},"b":{"0":[0],"1":[0],"2":[0],"3":[0],"4":[0],"5":[0],"6":[0],"7":[0,0],"8":[0],"9":[0,0],"10":[0,0],"11":[0,0],"12":[0],"13":[0],"14":[0],"15":[0],"16":[0]}}
}
