{"/Users/sebastianquintanam/fullstack-payment-app/frontend/src/components/product/ProductCard/index.tsx": {"path":"/Users/sebastianquintanam/fullstack-payment-app/frontend/src/components/product/ProductCard/index.tsx","statementMap":{"0":{"start":{"line":14,"column":55},"end":{"line":38,"column":1}},"1":{"start":{"line":22,"column":2},"end":{"line":37,"column":4}},"2":{"start":{"line":31,"column":23},"end":{"line":31,"column":34}},"3":{"start":{"line":14,"column":13},"end":{"line":14,"column":55}},"4":{"start":{"line":40,"column":0},"end":{"line":40,"column":27}}},"fnMap":{"0":{"name":"(anonymous_0)","decl":{"start":{"line":14,"column":55},"end":{"line":14,"column":56}},"loc":{"start":{"line":21,"column":5},"end":{"line":38,"column":1}}},"1":{"name":"(anonymous_1)","decl":{"start":{"line":31,"column":17},"end":{"line":31,"column":20}},"loc":{"start":{"line":31,"column":23},"end":{"line":31,"column":34}}}},"branchMap":{},"s":{"0":1,"1":1,"2":0,"3":1,"4":1},"f":{"0":1,"1":0},"b":{}}
}
