{"/Users/sebastianquintanam/fullstack-payment-app/backend/src/modules/products/application/services/products.service.ts": {"path":"/Users/sebastianquintanam/fullstack-payment-app/backend/src/modules/products/application/services/products.service.ts","statementMap":{"0":{"start":{"line":3,"column":0},"end":{"line":3,"column":44}},"1":{"start":{"line":4,"column":0},"end":{"line":4,"column":88}},"2":{"start":{"line":9,"column":7},"end":{"line":37,"column":null}},"3":{"start":{"line":11,"column":21},"end":{"line":11,"column":40}},"4":{"start":{"line":16,"column":4},"end":{"line":16,"column":44}},"5":{"start":{"line":21,"column":20},"end":{"line":21,"column":61}},"6":{"start":{"line":22,"column":4},"end":{"line":24,"column":5}},"7":{"start":{"line":23,"column":6},"end":{"line":23,"column":48}},"8":{"start":{"line":25,"column":4},"end":{"line":25,"column":19}},"9":{"start":{"line":30,"column":20},"end":{"line":30,"column":49}},"10":{"start":{"line":31,"column":4},"end":{"line":33,"column":5}},"11":{"start":{"line":32,"column":6},"end":{"line":32,"column":49}},"12":{"start":{"line":34,"column":4},"end":{"line":34,"column":76}},"13":{"start":{"line":9,"column":13},"end":{"line":9,"column":28}},"14":{"start":{"line":9,"column":13},"end":{"line":37,"column":null}}},"fnMap":{"0":{"name":"(anonymous_2)","decl":{"start":{"line":10,"column":2},"end":{"line":10,"column":null}},"loc":{"start":{"line":11,"column":57},"end":{"line":12,"column":6}}},"1":{"name":"(anonymous_3)","decl":{"start":{"line":15,"column":2},"end":{"line":15,"column":7}},"loc":{"start":{"line":15,"column":22},"end":{"line":17,"column":3}}},"2":{"name":"(anonymous_4)","decl":{"start":{"line":20,"column":2},"end":{"line":20,"column":7}},"loc":{"start":{"line":20,"column":33},"end":{"line":26,"column":3}}},"3":{"name":"(anonymous_5)","decl":{"start":{"line":29,"column":2},"end":{"line":29,"column":7}},"loc":{"start":{"line":29,"column":55},"end":{"line":35,"column":3}}}},"branchMap":{"0":{"loc":{"start":{"line":22,"column":4},"end":{"line":24,"column":5}},"type":"if","locations":[{"start":{"line":22,"column":4},"end":{"line":24,"column":5}}]},"1":{"loc":{"start":{"line":31,"column":4},"end":{"line":33,"column":5}},"type":"if","locations":[{"start":{"line":31,"column":4},"end":{"line":33,"column":5}}]}},"s":{"0":2,"1":2,"2":2,"3":6,"4":1,"5":4,"6":4,"7":1,"8":3,"9":2,"10":2,"11":1,"12":1,"13":2,"14":2},"f":{"0":6,"1":1,"2":4,"3":2},"b":{"0":[1],"1":[1]}}
,"/Users/sebastianquintanam/fullstack-payment-app/backend/src/modules/products/domain/entities/products.entity.ts": {"path":"/Users/sebastianquintanam/fullstack-payment-app/backend/src/modules/products/domain/entities/products.entity.ts","statementMap":{"0":{"start":{"line":4,"column":0},"end":{"line":4,"column":76}},"1":{"start":{"line":6,"column":0},"end":{"line":6,"column":88}},"2":{"start":{"line":10,"column":7},"end":{"line":39,"column":null}},"3":{"start":{"line":10,"column":13},"end":{"line":10,"column":20}},"4":{"start":{"line":13,"column":2},"end":{"line":13,"column":null}},"5":{"start":{"line":17,"column":2},"end":{"line":17,"column":null}},"6":{"start":{"line":23,"column":2},"end":{"line":23,"column":null}},"7":{"start":{"line":27,"column":2},"end":{"line":27,"column":null}},"8":{"start":{"line":31,"column":2},"end":{"line":31,"column":null}},"9":{"start":{"line":38,"column":2},"end":{"line":38,"column":null}},"10":{"start":{"line":37,"column":19},"end":{"line":37,"column":30}},"11":{"start":{"line":37,"column":49},"end":{"line":37,"column":68}},"12":{"start":{"line":10,"column":13},"end":{"line":39,"column":null}}},"fnMap":{"0":{"name":"(anonymous_2)","decl":{"start":{"line":37,"column":13},"end":{"line":37,"column":16}},"loc":{"start":{"line":37,"column":19},"end":{"line":37,"column":30}}},"1":{"name":"(anonymous_3)","decl":{"start":{"line":37,"column":32},"end":{"line":37,"column":33}},"loc":{"start":{"line":37,"column":49},"end":{"line":37,"column":68}}}},"branchMap":{},"s":{"0":4,"1":4,"2":4,"3":4,"4":4,"5":4,"6":4,"7":4,"8":4,"9":4,"10":0,"11":0,"12":4},"f":{"0":0,"1":0},"b":{}}
,"/Users/sebastianquintanam/fullstack-payment-app/backend/src/modules/products/infrastructure/persistence/product.repository.ts": {"path":"/Users/sebastianquintanam/fullstack-payment-app/backend/src/modules/products/infrastructure/persistence/product.repository.ts","statementMap":{"0":{"start":{"line":3,"column":0},"end":{"line":3,"column":37}},"1":{"start":{"line":4,"column":0},"end":{"line":4,"column":51}},"2":{"start":{"line":5,"column":0},"end":{"line":5,"column":44}},"3":{"start":{"line":6,"column":0},"end":{"line":6,"column":64}},"4":{"start":{"line":10,"column":7},"end":{"line":42,"column":null}},"5":{"start":{"line":14,"column":21},"end":{"line":14,"column":33}},"6":{"start":{"line":19,"column":4},"end":{"line":19,"column":34}},"7":{"start":{"line":24,"column":4},"end":{"line":24,"column":54}},"8":{"start":{"line":29,"column":23},"end":{"line":29,"column":54}},"9":{"start":{"line":30,"column":4},"end":{"line":30,"column":44}},"10":{"start":{"line":35,"column":20},"end":{"line":35,"column":43}},"11":{"start":{"line":36,"column":4},"end":{"line":38,"column":5}},"12":{"start":{"line":37,"column":6},"end":{"line":37,"column":43}},"13":{"start":{"line":39,"column":4},"end":{"line":39,"column":58}},"14":{"start":{"line":40,"column":4},"end":{"line":40,"column":29}},"15":{"start":{"line":10,"column":13},"end":{"line":10,"column":30}},"16":{"start":{"line":10,"column":13},"end":{"line":42,"column":null}}},"fnMap":{"0":{"name":"(anonymous_4)","decl":{"start":{"line":11,"column":2},"end":{"line":11,"column":null}},"loc":{"start":{"line":14,"column":52},"end":{"line":15,"column":6}}},"1":{"name":"(anonymous_5)","decl":{"start":{"line":18,"column":2},"end":{"line":18,"column":7}},"loc":{"start":{"line":18,"column":15},"end":{"line":20,"column":3}}},"2":{"name":"(anonymous_6)","decl":{"start":{"line":23,"column":2},"end":{"line":23,"column":7}},"loc":{"start":{"line":23,"column":27},"end":{"line":25,"column":3}}},"3":{"name":"(anonymous_7)","decl":{"start":{"line":28,"column":3},"end":{"line":28,"column":8}},"loc":{"start":{"line":28,"column":39},"end":{"line":31,"column":3}}},"4":{"name":"(anonymous_8)","decl":{"start":{"line":34,"column":2},"end":{"line":34,"column":7}},"loc":{"start":{"line":34,"column":48},"end":{"line":41,"column":3}}}},"branchMap":{"0":{"loc":{"start":{"line":36,"column":4},"end":{"line":38,"column":5}},"type":"if","locations":[{"start":{"line":36,"column":4},"end":{"line":38,"column":5}}]}},"s":{"0":3,"1":3,"2":3,"3":3,"4":3,"5":11,"6":2,"7":3,"8":2,"9":2,"10":3,"11":3,"12":1,"13":2,"14":1,"15":3,"16":3},"f":{"0":11,"1":2,"2":3,"3":2,"4":3},"b":{"0":[1]}}
,"/Users/sebastianquintanam/fullstack-payment-app/backend/src/modules/transactions/application/services/transactions.service.ts": {"path":"/Users/sebastianquintanam/fullstack-payment-app/backend/src/modules/transactions/application/services/transactions.service.ts","statementMap":{"0":{"start":{"line":3,"column":0},"end":{"line":3,"column":71}},"1":{"start":{"line":4,"column":0},"end":{"line":4,"column":96}},"2":{"start":{"line":6,"column":0},"end":{"line":6,"column":90}},"3":{"start":{"line":11,"column":0},"end":{"line":11,"column":null}},"4":{"start":{"line":12,"column":2},"end":{"line":12,"column":null}},"5":{"start":{"line":13,"column":2},"end":{"line":13,"column":null}},"6":{"start":{"line":14,"column":2},"end":{"line":14,"column":null}},"7":{"start":{"line":18,"column":7},"end":{"line":90,"column":null}},"8":{"start":{"line":20,"column":21},"end":{"line":20,"column":44}},"9":{"start":{"line":21,"column":21},"end":{"line":21,"column":38}},"10":{"start":{"line":26,"column":36},"end":{"line":26,"column":56}},"11":{"start":{"line":29,"column":20},"end":{"line":29,"column":72}},"12":{"start":{"line":30,"column":4},"end":{"line":32,"column":5}},"13":{"start":{"line":31,"column":6},"end":{"line":31,"column":73}},"14":{"start":{"line":35,"column":4},"end":{"line":35,"column":72}},"15":{"start":{"line":38,"column":24},"end":{"line":45,"column":6}},"16":{"start":{"line":47,"column":4},"end":{"line":47,"column":55}},"17":{"start":{"line":48,"column":4},"end":{"line":48,"column":23}},"18":{"start":{"line":54,"column":4},"end":{"line":54,"column":63}},"19":{"start":{"line":56,"column":42},"end":{"line":56,"column":62}},"20":{"start":{"line":57,"column":4},"end":{"line":57,"column":65}},"21":{"start":{"line":60,"column":4},"end":{"line":60,"column":65}},"22":{"start":{"line":61,"column":24},"end":{"line":61,"column":99}},"23":{"start":{"line":63,"column":4},"end":{"line":66,"column":5}},"24":{"start":{"line":64,"column":4},"end":{"line":64,"column":72}},"25":{"start":{"line":65,"column":4},"end":{"line":65,"column":75}},"26":{"start":{"line":68,"column":4},"end":{"line":68,"column":51}},"27":{"start":{"line":71,"column":4},"end":{"line":71,"column":32}},"28":{"start":{"line":72,"column":4},"end":{"line":72,"column":65}},"29":{"start":{"line":74,"column":31},"end":{"line":74,"column":81}},"30":{"start":{"line":75,"column":4},"end":{"line":75,"column":73}},"31":{"start":{"line":77,"column":4},"end":{"line":77,"column":30}},"32":{"start":{"line":82,"column":4},"end":{"line":82,"column":74}},"33":{"start":{"line":88,"column":4},"end":{"line":88,"column":67}},"34":{"start":{"line":18,"column":13},"end":{"line":18,"column":32}},"35":{"start":{"line":18,"column":13},"end":{"line":90,"column":null}}},"fnMap":{"0":{"name":"(anonymous_2)","decl":{"start":{"line":11,"column":0},"end":{"line":11,"column":12}},"loc":{"start":{"line":11,"column":29},"end":{"line":15,"column":1}}},"1":{"name":"(anonymous_3)","decl":{"start":{"line":19,"column":2},"end":{"line":19,"column":null}},"loc":{"start":{"line":21,"column":53},"end":{"line":22,"column":6}}},"2":{"name":"(anonymous_4)","decl":{"start":{"line":25,"column":2},"end":{"line":25,"column":7}},"loc":{"start":{"line":25,"column":68},"end":{"line":49,"column":3}}},"3":{"name":"(anonymous_5)","decl":{"start":{"line":52,"column":4},"end":{"line":52,"column":9}},"loc":{"start":{"line":52,"column":82},"end":{"line":78,"column":5}}},"4":{"name":"(anonymous_6)","decl":{"start":{"line":81,"column":2},"end":{"line":81,"column":7}},"loc":{"start":{"line":81,"column":26},"end":{"line":83,"column":3}}},"5":{"name":"(anonymous_7)","decl":{"start":{"line":87,"column":10},"end":{"line":87,"column":35}},"loc":{"start":{"line":87,"column":35},"end":{"line":89,"column":3}}}},"branchMap":{"0":{"loc":{"start":{"line":11,"column":12},"end":{"line":11,"column":null}},"type":"binary-expr","locations":[{"start":{"line":11,"column":12},"end":{"line":11,"column":29}},{"start":{"line":11,"column":29},"end":{"line":11,"column":null}}]},"1":{"loc":{"start":{"line":30,"column":4},"end":{"line":32,"column":5}},"type":"if","locations":[{"start":{"line":30,"column":4},"end":{"line":32,"column":5}}]},"2":{"loc":{"start":{"line":63,"column":4},"end":{"line":66,"column":5}},"type":"if","locations":[{"start":{"line":63,"column":4},"end":{"line":66,"column":5}}]}},"s":{"0":1,"1":1,"2":1,"3":1,"4":1,"5":1,"6":1,"7":1,"8":6,"9":6,"10":1,"11":1,"12":1,"13":0,"14":1,"15":1,"16":1,"17":1,"18":2,"19":2,"20":2,"21":2,"22":2,"23":2,"24":1,"25":1,"26":1,"27":1,"28":1,"29":1,"30":1,"31":1,"32":2,"33":1,"34":1,"35":1},"f":{"0":1,"1":6,"2":1,"3":2,"4":2,"5":1},"b":{"0":[1,1],"1":[0],"2":[1]}}
,"/Users/sebastianquintanam/fullstack-payment-app/backend/src/modules/transactions/domain/entities/transactions.entity.ts": {"path":"/Users/sebastianquintanam/fullstack-payment-app/backend/src/modules/transactions/domain/entities/transactions.entity.ts","statementMap":{"0":{"start":{"line":4,"column":0},"end":{"line":4,"column":124}},"1":{"start":{"line":6,"column":0},"end":{"line":6,"column":76}},"2":{"start":{"line":9,"column":7},"end":{"line":45,"column":null}},"3":{"start":{"line":9,"column":13},"end":{"line":9,"column":24}},"4":{"start":{"line":11,"column":2},"end":{"line":11,"column":null}},"5":{"start":{"line":15,"column":2},"end":{"line":15,"column":null}},"6":{"start":{"line":20,"column":2},"end":{"line":20,"column":null}},"7":{"start":{"line":18,"column":19},"end":{"line":18,"column":26}},"8":{"start":{"line":18,"column":41},"end":{"line":18,"column":61}},"9":{"start":{"line":24,"column":2},"end":{"line":24,"column":null}},"10":{"start":{"line":28,"column":2},"end":{"line":28,"column":null}},"11":{"start":{"line":32,"column":2},"end":{"line":32,"column":null}},"12":{"start":{"line":36,"column":2},"end":{"line":36,"column":null}},"13":{"start":{"line":40,"column":2},"end":{"line":40,"column":null}},"14":{"start":{"line":44,"column":2},"end":{"line":44,"column":null}},"15":{"start":{"line":9,"column":13},"end":{"line":45,"column":null}}},"fnMap":{"0":{"name":"(anonymous_2)","decl":{"start":{"line":18,"column":13},"end":{"line":18,"column":16}},"loc":{"start":{"line":18,"column":19},"end":{"line":18,"column":26}}},"1":{"name":"(anonymous_3)","decl":{"start":{"line":18,"column":28},"end":{"line":18,"column":29}},"loc":{"start":{"line":18,"column":41},"end":{"line":18,"column":61}}}},"branchMap":{},"s":{"0":4,"1":4,"2":4,"3":4,"4":4,"5":4,"6":4,"7":0,"8":0,"9":4,"10":4,"11":4,"12":4,"13":4,"14":4,"15":4},"f":{"0":0,"1":0},"b":{}}
,"/Users/sebastianquintanam/fullstack-payment-app/backend/src/modules/transactions/infrastructure/persistence/transaction.repository.ts": {"path":"/Users/sebastianquintanam/fullstack-payment-app/backend/src/modules/transactions/infrastructure/persistence/transaction.repository.ts","statementMap":{"0":{"start":{"line":3,"column":0},"end":{"line":3,"column":37}},"1":{"start":{"line":4,"column":0},"end":{"line":4,"column":51}},"2":{"start":{"line":5,"column":0},"end":{"line":5,"column":44}},"3":{"start":{"line":6,"column":0},"end":{"line":6,"column":72}},"4":{"start":{"line":9,"column":7},"end":{"line":68,"column":null}},"5":{"start":{"line":12,"column":21},"end":{"line":12,"column":33}},"6":{"start":{"line":21,"column":4},"end":{"line":21,"column":73}},"7":{"start":{"line":31,"column":4},"end":{"line":31,"column":91}},"8":{"start":{"line":41,"column":4},"end":{"line":41,"column":106}},"9":{"start":{"line":50,"column":31},"end":{"line":50,"column":70}},"10":{"start":{"line":51,"column":4},"end":{"line":51,"column":30}},"11":{"start":{"line":60,"column":27},"end":{"line":60,"column":62}},"12":{"start":{"line":61,"column":4},"end":{"line":61,"column":48}},"13":{"start":{"line":66,"column":4},"end":{"line":66,"column":45}},"14":{"start":{"line":9,"column":13},"end":{"line":9,"column":34}},"15":{"start":{"line":9,"column":13},"end":{"line":68,"column":null}}},"fnMap":{"0":{"name":"(anonymous_5)","decl":{"start":{"line":20,"column":2},"end":{"line":20,"column":7}},"loc":{"start":{"line":20,"column":49},"end":{"line":22,"column":3}}},"1":{"name":"(anonymous_6)","decl":{"start":{"line":30,"column":2},"end":{"line":30,"column":7}},"loc":{"start":{"line":30,"column":62},"end":{"line":32,"column":3}}},"2":{"name":"(anonymous_7)","decl":{"start":{"line":40,"column":2},"end":{"line":40,"column":7}},"loc":{"start":{"line":40,"column":92},"end":{"line":42,"column":3}}},"3":{"name":"(anonymous_8)","decl":{"start":{"line":49,"column":2},"end":{"line":49,"column":7}},"loc":{"start":{"line":49,"column":39},"end":{"line":52,"column":3}}},"4":{"name":"(anonymous_9)","decl":{"start":{"line":59,"column":2},"end":{"line":59,"column":7}},"loc":{"start":{"line":59,"column":48},"end":{"line":62,"column":3}}},"5":{"name":"(anonymous_10)","decl":{"start":{"line":65,"column":2},"end":{"line":65,"column":7}},"loc":{"start":{"line":65,"column":46},"end":{"line":67,"column":3}}}},"branchMap":{"0":{"loc":{"start":{"line":21,"column":45},"end":{"line":21,"column":69}},"type":"binary-expr","locations":[{"start":{"line":21,"column":45},"end":{"line":21,"column":63}},{"start":{"line":21,"column":67},"end":{"line":21,"column":69}}]},"1":{"loc":{"start":{"line":31,"column":63},"end":{"line":31,"column":87}},"type":"binary-expr","locations":[{"start":{"line":31,"column":63},"end":{"line":31,"column":81}},{"start":{"line":31,"column":85},"end":{"line":31,"column":87}}]},"2":{"loc":{"start":{"line":41,"column":78},"end":{"line":41,"column":102}},"type":"binary-expr","locations":[{"start":{"line":41,"column":78},"end":{"line":41,"column":96}},{"start":{"line":41,"column":100},"end":{"line":41,"column":102}}]}},"s":{"0":2,"1":2,"2":2,"3":2,"4":2,"5":9,"6":1,"7":1,"8":1,"9":1,"10":1,"11":1,"12":1,"13":1,"14":2,"15":2},"f":{"0":1,"1":1,"2":1,"3":1,"4":1,"5":1},"b":{"0":[1,1],"1":[1,1],"2":[1,1]}}
}
