TN:
SF:src/modules/products/application/services/products.service.ts
FN:10,(anonymous_2)
FN:15,(anonymous_3)
FN:20,(anonymous_4)
FN:29,(anonymous_5)
FNF:4
FNH:4
FNDA:6,(anonymous_2)
FNDA:1,(anonymous_3)
FNDA:4,(anonymous_4)
FNDA:2,(anonymous_5)
DA:3,2
DA:4,2
DA:9,2
DA:11,6
DA:16,1
DA:21,4
DA:22,4
DA:23,1
DA:25,3
DA:30,2
DA:31,2
DA:32,1
DA:34,1
LF:13
LH:13
BRDA:22,0,0,1
BRDA:31,1,0,1
BRF:2
BRH:2
end_of_record
TN:
SF:src/modules/products/domain/entities/products.entity.ts
FN:37,(anonymous_2)
FN:37,(anonymous_3)
FNF:2
FNH:0
FNDA:0,(anonymous_2)
FNDA:0,(anonymous_3)
DA:4,4
DA:6,4
DA:10,4
DA:13,4
DA:17,4
DA:23,4
DA:27,4
DA:31,4
DA:37,0
DA:38,4
LF:10
LH:9
BRF:0
BRH:0
end_of_record
TN:
SF:src/modules/products/infrastructure/persistence/product.repository.ts
FN:11,(anonymous_4)
FN:18,(anonymous_5)
FN:23,(anonymous_6)
FN:28,(anonymous_7)
FN:34,(anonymous_8)
FNF:5
FNH:5
FNDA:11,(anonymous_4)
FNDA:2,(anonymous_5)
FNDA:3,(anonymous_6)
FNDA:2,(anonymous_7)
FNDA:3,(anonymous_8)
DA:3,3
DA:4,3
DA:5,3
DA:6,3
DA:10,3
DA:14,11
DA:19,2
DA:24,3
DA:29,2
DA:30,2
DA:35,3
DA:36,3
DA:37,1
DA:39,2
DA:40,1
LF:15
LH:15
BRDA:36,0,0,1
BRF:1
BRH:1
end_of_record
TN:
SF:src/modules/transactions/application/services/transactions.service.ts
FN:11,(anonymous_2)
FN:19,(anonymous_3)
FN:25,(anonymous_4)
FN:52,(anonymous_5)
FN:81,(anonymous_6)
FN:87,(anonymous_7)
FNF:6
FNH:6
FNDA:1,(anonymous_2)
FNDA:6,(anonymous_3)
FNDA:1,(anonymous_4)
FNDA:2,(anonymous_5)
FNDA:2,(anonymous_6)
FNDA:1,(anonymous_7)
DA:3,1
DA:4,1
DA:6,1
DA:11,1
DA:12,1
DA:13,1
DA:14,1
DA:18,1
DA:20,6
DA:21,6
DA:26,1
DA:29,1
DA:30,1
DA:31,0
DA:35,1
DA:38,1
DA:47,1
DA:48,1
DA:54,2
DA:56,2
DA:57,2
DA:60,2
DA:61,2
DA:63,2
DA:64,1
DA:65,1
DA:68,1
DA:71,1
DA:72,1
DA:74,1
DA:75,1
DA:77,1
DA:82,2
DA:88,1
LF:34
LH:33
BRDA:11,0,0,1
BRDA:11,0,1,1
BRDA:30,1,0,0
BRDA:63,2,0,1
BRF:4
BRH:3
end_of_record
TN:
SF:src/modules/transactions/domain/entities/transactions.entity.ts
FN:18,(anonymous_2)
FN:18,(anonymous_3)
FNF:2
FNH:0
FNDA:0,(anonymous_2)
FNDA:0,(anonymous_3)
DA:4,4
DA:6,4
DA:9,4
DA:11,4
DA:15,4
DA:18,0
DA:20,4
DA:24,4
DA:28,4
DA:32,4
DA:36,4
DA:40,4
DA:44,4
LF:13
LH:12
BRF:0
BRH:0
end_of_record
TN:
SF:src/modules/transactions/infrastructure/persistence/transaction.repository.ts
FN:20,(anonymous_5)
FN:30,(anonymous_6)
FN:40,(anonymous_7)
FN:49,(anonymous_8)
FN:59,(anonymous_9)
FN:65,(anonymous_10)
FNF:6
FNH:6
FNDA:1,(anonymous_5)
FNDA:1,(anonymous_6)
FNDA:1,(anonymous_7)
FNDA:1,(anonymous_8)
FNDA:1,(anonymous_9)
FNDA:1,(anonymous_10)
DA:3,2
DA:4,2
DA:5,2
DA:6,2
DA:9,2
DA:12,9
DA:21,1
DA:31,1
DA:41,1
DA:50,1
DA:51,1
DA:60,1
DA:61,1
DA:66,1
LF:14
LH:14
BRDA:21,0,0,1
BRDA:21,0,1,1
BRDA:31,1,0,1
BRDA:31,1,1,1
BRDA:41,2,0,1
BRDA:41,2,1,1
BRF:6
BRH:6
end_of_record
